{"/a0/usr/workdir/projetos/fincontrol/apps/api/src/index.ts": {"path":"/a0/usr/workdir/projetos/fincontrol/apps/api/src/index.ts","statementMap":{"0":{"start":{"line":1,"column":0},"end":{"line":1,"column":30}},"1":{"start":{"line":2,"column":0},"end":{"line":2,"column":24}},"2":{"start":{"line":3,"column":0},"end":{"line":3,"column":28}},"3":{"start":{"line":4,"column":0},"end":{"line":4,"column":28}},"4":{"start":{"line":5,"column":0},"end":{"line":5,"column":28}},"5":{"start":{"line":7,"column":0},"end":{"line":7,"column":43}},"6":{"start":{"line":8,"column":0},"end":{"line":8,"column":57}},"7":{"start":{"line":11,"column":0},"end":{"line":11,"column":45}},"8":{"start":{"line":12,"column":0},"end":{"line":12,"column":45}},"9":{"start":{"line":13,"column":0},"end":{"line":13,"column":55}},"10":{"start":{"line":14,"column":0},"end":{"line":14,"column":51}},"11":{"start":{"line":15,"column":0},"end":{"line":15,"column":53}},"12":{"start":{"line":16,"column":0},"end":{"line":16,"column":59}},"13":{"start":{"line":17,"column":0},"end":{"line":17,"column":49}},"14":{"start":{"line":18,"column":0},"end":{"line":18,"column":45}},"15":{"start":{"line":19,"column":0},"end":{"line":19,"column":55}},"16":{"start":{"line":21,"column":0},"end":{"line":21,"column":16}},"17":{"start":{"line":23,"column":12},"end":{"line":23,"column":21}},"18":{"start":{"line":24,"column":13},"end":{"line":24,"column":37}},"19":{"start":{"line":27,"column":0},"end":{"line":27,"column":18}},"20":{"start":{"line":28,"column":0},"end":{"line":28,"column":26}},"21":{"start":{"line":29,"column":0},"end":{"line":29,"column":23}},"22":{"start":{"line":30,"column":0},"end":{"line":30,"column":24}},"23":{"start":{"line":31,"column":0},"end":{"line":31,"column":48}},"24":{"start":{"line":34,"column":0},"end":{"line":41,"column":3}},"25":{"start":{"line":35,"column":2},"end":{"line":40,"column":5}},"26":{"start":{"line":44,"column":0},"end":{"line":44,"column":33}},"27":{"start":{"line":45,"column":0},"end":{"line":45,"column":34}},"28":{"start":{"line":46,"column":0},"end":{"line":46,"column":44}},"29":{"start":{"line":47,"column":0},"end":{"line":47,"column":40}},"30":{"start":{"line":48,"column":0},"end":{"line":48,"column":43}},"31":{"start":{"line":49,"column":0},"end":{"line":49,"column":48}},"32":{"start":{"line":50,"column":0},"end":{"line":50,"column":38}},"33":{"start":{"line":51,"column":0},"end":{"line":51,"column":34}},"34":{"start":{"line":52,"column":0},"end":{"line":52,"column":43}},"35":{"start":{"line":55,"column":0},"end":{"line":60,"column":3}},"36":{"start":{"line":56,"column":2},"end":{"line":59,"column":5}},"37":{"start":{"line":63,"column":0},"end":{"line":63,"column":22}},"38":{"start":{"line":66,"column":0},"end":{"line":74,"column":3}},"39":{"start":{"line":67,"column":2},"end":{"line":67,"column":74}},"40":{"start":{"line":68,"column":2},"end":{"line":68,"column":72}},"41":{"start":{"line":69,"column":2},"end":{"line":69,"column":72}},"42":{"start":{"line":70,"column":2},"end":{"line":70,"column":72}},"43":{"start":{"line":71,"column":2},"end":{"line":71,"column":76}},"44":{"start":{"line":72,"column":2},"end":{"line":72,"column":76}},"45":{"start":{"line":73,"column":2},"end":{"line":73,"column":74}},"46":{"start":{"line":76,"column":0},"end":{"line":76,"column":19}}},"fnMap":{"0":{"name":"(anonymous_1)","decl":{"start":{"line":34,"column":19},"end":{"line":34,"column":20}},"loc":{"start":{"line":34,"column":32},"end":{"line":41,"column":1}}},"1":{"name":"(anonymous_2)","decl":{"start":{"line":55,"column":8},"end":{"line":55,"column":9}},"loc":{"start":{"line":55,"column":21},"end":{"line":60,"column":1}}},"2":{"name":"(anonymous_3)","decl":{"start":{"line":66,"column":17},"end":{"line":66,"column":20}},"loc":{"start":{"line":66,"column":22},"end":{"line":74,"column":1}}}},"branchMap":{"0":{"loc":{"start":{"line":24,"column":13},"end":{"line":24,"column":37}},"type":"binary-expr","locations":[{"start":{"line":24,"column":13},"end":{"line":24,"column":29}},{"start":{"line":24,"column":33},"end":{"line":24,"column":37}}]}},"s":{"0":0,"1":0,"2":0,"3":0,"4":0,"5":0,"6":0,"7":0,"8":0,"9":0,"10":0,"11":0,"12":0,"13":0,"14":0,"15":0,"16":0,"17":0,"18":0,"19":0,"20":0,"21":0,"22":0,"23":0,"24":0,"25":0,"26":0,"27":0,"28":0,"29":0,"30":0,"31":0,"32":0,"33":0,"34":0,"35":0,"36":0,"37":0,"38":0,"39":0,"40":0,"41":0,"42":0,"43":0,"44":0,"45":0,"46":0},"f":{"0":0,"1":0,"2":0},"b":{"0":[0,0]}}
,"/a0/usr/workdir/projetos/fincontrol/apps/api/src/server.ts": {"path":"/a0/usr/workdir/projetos/fincontrol/apps/api/src/server.ts","statementMap":{"0":{"start":{"line":1,"column":0},"end":{"line":1,"column":29}},"1":{"start":{"line":2,"column":0},"end":{"line":2,"column":23}},"2":{"start":{"line":3,"column":0},"end":{"line":3,"column":27}},"3":{"start":{"line":4,"column":0},"end":{"line":4,"column":42}},"4":{"start":{"line":5,"column":0},"end":{"line":5,"column":27}},"5":{"start":{"line":7,"column":0},"end":{"line":7,"column":null}},"6":{"start":{"line":9,"column":12},"end":{"line":9,"column":21}},"7":{"start":{"line":11,"column":0},"end":{"line":11,"column":null}},"8":{"start":{"line":12,"column":0},"end":{"line":12,"column":null}},"9":{"start":{"line":13,"column":0},"end":{"line":13,"column":null}},"10":{"start":{"line":15,"column":16},"end":{"line":18,"column":2}},"11":{"start":{"line":19,"column":0},"end":{"line":19,"column":null}},"12":{"start":{"line":21,"column":0},"end":{"line":23,"column":null}},"13":{"start":{"line":22,"column":2},"end":{"line":22,"column":null}},"14":{"start":{"line":25,"column":0},"end":{"line":27,"column":null}},"15":{"start":{"line":26,"column":2},"end":{"line":26,"column":null}},"16":{"start":{"line":30,"column":0},"end":{"line":35,"column":1}},"17":{"start":{"line":31,"column":15},"end":{"line":31,"column":39}},"18":{"start":{"line":32,"column":2},"end":{"line":34,"column":null}},"19":{"start":{"line":33,"column":4},"end":{"line":33,"column":null}},"20":{"start":{"line":37,"column":0},"end":{"line":37,"column":null}}},"fnMap":{"0":{"name":"(anonymous_1)","decl":{"start":{"line":21,"column":19},"end":{"line":21,"column":20}},"loc":{"start":{"line":21,"column":32},"end":{"line":23,"column":1}}},"1":{"name":"(anonymous_2)","decl":{"start":{"line":25,"column":16},"end":{"line":25,"column":17}},"loc":{"start":{"line":25,"column":29},"end":{"line":27,"column":1}}},"2":{"name":"(anonymous_3)","decl":{"start":{"line":32,"column":19},"end":{"line":32,"column":22}},"loc":{"start":{"line":32,"column":24},"end":{"line":34,"column":3}}}},"branchMap":{"0":{"loc":{"start":{"line":30,"column":0},"end":{"line":35,"column":1}},"type":"if","locations":[{"start":{"line":30,"column":0},"end":{"line":35,"column":1}}]},"1":{"loc":{"start":{"line":31,"column":15},"end":{"line":31,"column":39}},"type":"binary-expr","locations":[{"start":{"line":31,"column":15},"end":{"line":31,"column":31}},{"start":{"line":31,"column":35},"end":{"line":31,"column":39}}]}},"s":{"0":3,"1":3,"2":3,"3":3,"4":3,"5":3,"6":3,"7":3,"8":3,"9":3,"10":3,"11":3,"12":3,"13":1,"14":3,"15":1,"16":3,"17":0,"18":0,"19":0,"20":3},"f":{"0":1,"1":1,"2":0},"b":{"0":[0],"1":[0,0]}}
,"/a0/usr/workdir/projetos/fincontrol/apps/api/src/config/auth.ts": {"path":"/a0/usr/workdir/projetos/fincontrol/apps/api/src/config/auth.ts","statementMap":{"0":{"start":{"line":1,"column":13},"end":{"line":6,"column":2}},"1":{"start":{"line":8,"column":13},"end":{"line":10,"column":2}}},"fnMap":{},"branchMap":{"0":{"loc":{"start":{"line":2,"column":10},"end":{"line":2,"column":84}},"type":"binary-expr","locations":[{"start":{"line":2,"column":10},"end":{"line":2,"column":32}},{"start":{"line":2,"column":36},"end":{"line":2,"column":84}}]},"1":{"loc":{"start":{"line":3,"column":17},"end":{"line":3,"column":76}},"type":"binary-expr","locations":[{"start":{"line":3,"column":17},"end":{"line":3,"column":47}},{"start":{"line":3,"column":51},"end":{"line":3,"column":76}}]}},"s":{"0":0,"1":0},"f":{},"b":{"0":[0,0],"1":[0,0]}}
,"/a0/usr/workdir/projetos/fincontrol/apps/api/src/config/cors.ts": {"path":"/a0/usr/workdir/projetos/fincontrol/apps/api/src/config/cors.ts","statementMap":{"0":{"start":{"line":1,"column":13},"end":{"line":8,"column":2}}},"fnMap":{},"branchMap":{"0":{"loc":{"start":{"line":2,"column":10},"end":{"line":4,"column":81}},"type":"cond-expr","locations":[{"start":{"line":3,"column":6},"end":{"line":3,"column":38}},{"start":{"line":4,"column":6},"end":{"line":4,"column":81}}]},"1":{"loc":{"start":{"line":3,"column":7},"end":{"line":3,"column":37}},"type":"binary-expr","locations":[{"start":{"line":3,"column":7},"end":{"line":3,"column":31}},{"start":{"line":3,"column":35},"end":{"line":3,"column":37}}]}},"s":{"0":0},"f":{},"b":{"0":[0,0],"1":[0,0]}}
,"/a0/usr/workdir/projetos/fincontrol/apps/api/src/config/prisma.ts": {"path":"/a0/usr/workdir/projetos/fincontrol/apps/api/src/config/prisma.ts","statementMap":{"0":{"start":{"line":1,"column":0},"end":{"line":1,"column":46}},"1":{"start":{"line":3,"column":24},"end":{"line":3,"column":69}},"2":{"start":{"line":5,"column":13},"end":{"line":7,"column":3}},"3":{"start":{"line":9,"column":0},"end":{"line":9,"column":75}},"4":{"start":{"line":9,"column":43},"end":{"line":9,"column":75}},"5":{"start":{"line":11,"column":0},"end":{"line":11,"column":22}}},"fnMap":{},"branchMap":{"0":{"loc":{"start":{"line":5,"column":22},"end":{"line":7,"column":2}},"type":"binary-expr","locations":[{"start":{"line":5,"column":22},"end":{"line":5,"column":44}},{"start":{"line":5,"column":48},"end":{"line":7,"column":2}}]},"1":{"loc":{"start":{"line":6,"column":7},"end":{"line":6,"column":86}},"type":"cond-expr","locations":[{"start":{"line":6,"column":48},"end":{"line":6,"column":74}},{"start":{"line":6,"column":77},"end":{"line":6,"column":86}}]},"2":{"loc":{"start":{"line":9,"column":0},"end":{"line":9,"column":75}},"type":"if","locations":[{"start":{"line":9,"column":0},"end":{"line":9,"column":75}}]}},"s":{"0":0,"1":0,"2":0,"3":0,"4":0,"5":0},"f":{},"b":{"0":[0,0],"1":[0,0],"2":[0]}}
,"/a0/usr/workdir/projetos/fincontrol/apps/api/src/controllers/accountController.ts": {"path":"/a0/usr/workdir/projetos/fincontrol/apps/api/src/controllers/accountController.ts","statementMap":{"0":{"start":{"line":2,"column":0},"end":{"line":2,"column":60}},"1":{"start":{"line":3,"column":0},"end":{"line":3,"column":54}},"2":{"start":{"line":10,"column":13},"end":{"line":132,"column":2}},"3":{"start":{"line":12,"column":4},"end":{"line":42,"column":5}},"4":{"start":{"line":13,"column":26},"end":{"line":13,"column":65}},"5":{"start":{"line":15,"column":6},"end":{"line":17,"column":7}},"6":{"start":{"line":16,"column":8},"end":{"line":16,"column":57}},"7":{"start":{"line":19,"column":81},"end":{"line":19,"column":89}},"8":{"start":{"line":21,"column":6},"end":{"line":23,"column":7}},"9":{"start":{"line":22,"column":8},"end":{"line":22,"column":62}},"10":{"start":{"line":25,"column":22},"end":{"line":33,"column":8}},"11":{"start":{"line":35,"column":6},"end":{"line":39,"column":9}},"12":{"start":{"line":41,"column":6},"end":{"line":41,"column":18}},"13":{"start":{"line":46,"column":4},"end":{"line":61,"column":5}},"14":{"start":{"line":47,"column":26},"end":{"line":47,"column":65}},"15":{"start":{"line":49,"column":6},"end":{"line":51,"column":7}},"16":{"start":{"line":50,"column":8},"end":{"line":50,"column":57}},"17":{"start":{"line":53,"column":23},"end":{"line":53,"column":72}},"18":{"start":{"line":55,"column":6},"end":{"line":58,"column":9}},"19":{"start":{"line":60,"column":6},"end":{"line":60,"column":18}},"20":{"start":{"line":65,"column":4},"end":{"line":81,"column":5}},"21":{"start":{"line":66,"column":26},"end":{"line":66,"column":65}},"22":{"start":{"line":67,"column":21},"end":{"line":67,"column":31}},"23":{"start":{"line":69,"column":6},"end":{"line":71,"column":7}},"24":{"start":{"line":70,"column":8},"end":{"line":70,"column":57}},"25":{"start":{"line":73,"column":22},"end":{"line":73,"column":68}},"26":{"start":{"line":75,"column":6},"end":{"line":78,"column":9}},"27":{"start":{"line":80,"column":6},"end":{"line":80,"column":18}},"28":{"start":{"line":85,"column":4},"end":{"line":110,"column":5}},"29":{"start":{"line":86,"column":26},"end":{"line":86,"column":65}},"30":{"start":{"line":87,"column":21},"end":{"line":87,"column":31}},"31":{"start":{"line":89,"column":6},"end":{"line":91,"column":7}},"32":{"start":{"line":90,"column":8},"end":{"line":90,"column":57}},"33":{"start":{"line":93,"column":59},"end":{"line":93,"column":67}},"34":{"start":{"line":95,"column":22},"end":{"line":101,"column":8}},"35":{"start":{"line":103,"column":6},"end":{"line":107,"column":9}},"36":{"start":{"line":109,"column":6},"end":{"line":109,"column":18}},"37":{"start":{"line":114,"column":4},"end":{"line":130,"column":5}},"38":{"start":{"line":115,"column":26},"end":{"line":115,"column":65}},"39":{"start":{"line":116,"column":21},"end":{"line":116,"column":31}},"40":{"start":{"line":118,"column":6},"end":{"line":120,"column":7}},"41":{"start":{"line":119,"column":8},"end":{"line":119,"column":57}},"42":{"start":{"line":122,"column":21},"end":{"line":122,"column":65}},"43":{"start":{"line":124,"column":6},"end":{"line":127,"column":9}},"44":{"start":{"line":129,"column":6},"end":{"line":129,"column":18}}},"fnMap":{"0":{"name":"(anonymous_0)","decl":{"start":{"line":11,"column":2},"end":{"line":11,"column":7}},"loc":{"start":{"line":11,"column":66},"end":{"line":43,"column":3}}},"1":{"name":"(anonymous_1)","decl":{"start":{"line":45,"column":2},"end":{"line":45,"column":7}},"loc":{"start":{"line":45,"column":66},"end":{"line":62,"column":3}}},"2":{"name":"(anonymous_2)","decl":{"start":{"line":64,"column":2},"end":{"line":64,"column":7}},"loc":{"start":{"line":64,"column":67},"end":{"line":82,"column":3}}},"3":{"name":"(anonymous_3)","decl":{"start":{"line":84,"column":2},"end":{"line":84,"column":7}},"loc":{"start":{"line":84,"column":66},"end":{"line":111,"column":3}}},"4":{"name":"(anonymous_4)","decl":{"start":{"line":113,"column":2},"end":{"line":113,"column":7}},"loc":{"start":{"line":113,"column":66},"end":{"line":131,"column":3}}}},"branchMap":{"0":{"loc":{"start":{"line":15,"column":6},"end":{"line":17,"column":7}},"type":"if","locations":[{"start":{"line":15,"column":6},"end":{"line":17,"column":7}}]},"1":{"loc":{"start":{"line":21,"column":6},"end":{"line":23,"column":7}},"type":"if","locations":[{"start":{"line":21,"column":6},"end":{"line":23,"column":7}}]},"2":{"loc":{"start":{"line":21,"column":10},"end":{"line":21,"column":24}},"type":"binary-expr","locations":[{"start":{"line":21,"column":10},"end":{"line":21,"column":15}},{"start":{"line":21,"column":19},"end":{"line":21,"column":24}}]},"3":{"loc":{"start":{"line":49,"column":6},"end":{"line":51,"column":7}},"type":"if","locations":[{"start":{"line":49,"column":6},"end":{"line":51,"column":7}}]},"4":{"loc":{"start":{"line":69,"column":6},"end":{"line":71,"column":7}},"type":"if","locations":[{"start":{"line":69,"column":6},"end":{"line":71,"column":7}}]},"5":{"loc":{"start":{"line":89,"column":6},"end":{"line":91,"column":7}},"type":"if","locations":[{"start":{"line":89,"column":6},"end":{"line":91,"column":7}}]},"6":{"loc":{"start":{"line":118,"column":6},"end":{"line":120,"column":7}},"type":"if","locations":[{"start":{"line":118,"column":6},"end":{"line":120,"column":7}}]}},"s":{"0":0,"1":0,"2":0,"3":0,"4":0,"5":0,"6":0,"7":0,"8":0,"9":0,"10":0,"11":0,"12":0,"13":0,"14":0,"15":0,"16":0,"17":0,"18":0,"19":0,"20":0,"21":0,"22":0,"23":0,"24":0,"25":0,"26":0,"27":0,"28":0,"29":0,"30":0,"31":0,"32":0,"33":0,"34":0,"35":0,"36":0,"37":0,"38":0,"39":0,"40":0,"41":0,"42":0,"43":0,"44":0},"f":{"0":0,"1":0,"2":0,"3":0,"4":0},"b":{"0":[0],"1":[0],"2":[0,0],"3":[0],"4":[0],"5":[0],"6":[0]}}
,"/a0/usr/workdir/projetos/fincontrol/apps/api/src/controllers/authController.ts": {"path":"/a0/usr/workdir/projetos/fincontrol/apps/api/src/controllers/authController.ts","statementMap":{"0":{"start":{"line":2,"column":0},"end":{"line":2,"column":54}},"1":{"start":{"line":3,"column":0},"end":{"line":3,"column":54}},"2":{"start":{"line":9,"column":13},"end":{"line":139,"column":2}},"3":{"start":{"line":11,"column":4},"end":{"line":32,"column":5}},"4":{"start":{"line":12,"column":55},"end":{"line":12,"column":63}},"5":{"start":{"line":14,"column":6},"end":{"line":16,"column":7}},"6":{"start":{"line":15,"column":8},"end":{"line":15,"column":59}},"7":{"start":{"line":18,"column":21},"end":{"line":23,"column":8}},"8":{"start":{"line":25,"column":6},"end":{"line":29,"column":9}},"9":{"start":{"line":31,"column":6},"end":{"line":31,"column":18}},"10":{"start":{"line":36,"column":4},"end":{"line":52,"column":5}},"11":{"start":{"line":37,"column":34},"end":{"line":37,"column":42}},"12":{"start":{"line":39,"column":6},"end":{"line":41,"column":7}},"13":{"start":{"line":40,"column":8},"end":{"line":40,"column":67}},"14":{"start":{"line":43,"column":21},"end":{"line":43,"column":65}},"15":{"start":{"line":45,"column":6},"end":{"line":49,"column":9}},"16":{"start":{"line":51,"column":6},"end":{"line":51,"column":18}},"17":{"start":{"line":56,"column":4},"end":{"line":72,"column":5}},"18":{"start":{"line":57,"column":31},"end":{"line":57,"column":39}},"19":{"start":{"line":59,"column":6},"end":{"line":61,"column":7}},"20":{"start":{"line":60,"column":8},"end":{"line":60,"column":58}},"21":{"start":{"line":65,"column":6},"end":{"line":69,"column":9}},"22":{"start":{"line":71,"column":6},"end":{"line":71,"column":18}},"23":{"start":{"line":76,"column":4},"end":{"line":91,"column":5}},"24":{"start":{"line":77,"column":21},"end":{"line":77,"column":33}},"25":{"start":{"line":79,"column":6},"end":{"line":81,"column":7}},"26":{"start":{"line":80,"column":8},"end":{"line":80,"column":59}},"27":{"start":{"line":83,"column":22},"end":{"line":83,"column":58}},"28":{"start":{"line":85,"column":6},"end":{"line":88,"column":9}},"29":{"start":{"line":90,"column":6},"end":{"line":90,"column":18}},"30":{"start":{"line":95,"column":4},"end":{"line":112,"column":5}},"31":{"start":{"line":96,"column":21},"end":{"line":96,"column":33}},"32":{"start":{"line":98,"column":6},"end":{"line":100,"column":7}},"33":{"start":{"line":99,"column":8},"end":{"line":99,"column":59}},"34":{"start":{"line":102,"column":45},"end":{"line":102,"column":53}},"35":{"start":{"line":103,"column":22},"end":{"line":103,"column":93}},"36":{"start":{"line":105,"column":6},"end":{"line":109,"column":9}},"37":{"start":{"line":111,"column":6},"end":{"line":111,"column":18}},"38":{"start":{"line":116,"column":4},"end":{"line":137,"column":5}},"39":{"start":{"line":117,"column":21},"end":{"line":117,"column":33}},"40":{"start":{"line":119,"column":6},"end":{"line":121,"column":7}},"41":{"start":{"line":120,"column":8},"end":{"line":120,"column":59}},"42":{"start":{"line":123,"column":43},"end":{"line":123,"column":51}},"43":{"start":{"line":125,"column":6},"end":{"line":127,"column":7}},"44":{"start":{"line":126,"column":8},"end":{"line":126,"column":69}},"45":{"start":{"line":129,"column":21},"end":{"line":129,"column":87}},"46":{"start":{"line":131,"column":6},"end":{"line":134,"column":9}},"47":{"start":{"line":136,"column":6},"end":{"line":136,"column":18}}},"fnMap":{"0":{"name":"(anonymous_0)","decl":{"start":{"line":10,"column":2},"end":{"line":10,"column":7}},"loc":{"start":{"line":10,"column":64},"end":{"line":33,"column":3}}},"1":{"name":"(anonymous_1)","decl":{"start":{"line":35,"column":2},"end":{"line":35,"column":7}},"loc":{"start":{"line":35,"column":61},"end":{"line":53,"column":3}}},"2":{"name":"(anonymous_2)","decl":{"start":{"line":55,"column":2},"end":{"line":55,"column":7}},"loc":{"start":{"line":55,"column":72},"end":{"line":73,"column":3}}},"3":{"name":"(anonymous_3)","decl":{"start":{"line":75,"column":2},"end":{"line":75,"column":7}},"loc":{"start":{"line":75,"column":70},"end":{"line":92,"column":3}}},"4":{"name":"(anonymous_4)","decl":{"start":{"line":94,"column":2},"end":{"line":94,"column":7}},"loc":{"start":{"line":94,"column":73},"end":{"line":113,"column":3}}},"5":{"name":"(anonymous_5)","decl":{"start":{"line":115,"column":2},"end":{"line":115,"column":7}},"loc":{"start":{"line":115,"column":74},"end":{"line":138,"column":3}}}},"branchMap":{"0":{"loc":{"start":{"line":14,"column":6},"end":{"line":16,"column":7}},"type":"if","locations":[{"start":{"line":14,"column":6},"end":{"line":16,"column":7}}]},"1":{"loc":{"start":{"line":14,"column":10},"end":{"line":14,"column":56}},"type":"binary-expr","locations":[{"start":{"line":14,"column":10},"end":{"line":14,"column":16}},{"start":{"line":14,"column":20},"end":{"line":14,"column":29}},{"start":{"line":14,"column":33},"end":{"line":14,"column":43}},{"start":{"line":14,"column":47},"end":{"line":14,"column":56}}]},"2":{"loc":{"start":{"line":39,"column":6},"end":{"line":41,"column":7}},"type":"if","locations":[{"start":{"line":39,"column":6},"end":{"line":41,"column":7}}]},"3":{"loc":{"start":{"line":39,"column":10},"end":{"line":39,"column":29}},"type":"binary-expr","locations":[{"start":{"line":39,"column":10},"end":{"line":39,"column":16}},{"start":{"line":39,"column":20},"end":{"line":39,"column":29}}]},"4":{"loc":{"start":{"line":59,"column":6},"end":{"line":61,"column":7}},"type":"if","locations":[{"start":{"line":59,"column":6},"end":{"line":61,"column":7}}]},"5":{"loc":{"start":{"line":79,"column":6},"end":{"line":81,"column":7}},"type":"if","locations":[{"start":{"line":79,"column":6},"end":{"line":81,"column":7}}]},"6":{"loc":{"start":{"line":98,"column":6},"end":{"line":100,"column":7}},"type":"if","locations":[{"start":{"line":98,"column":6},"end":{"line":100,"column":7}}]},"7":{"loc":{"start":{"line":119,"column":6},"end":{"line":121,"column":7}},"type":"if","locations":[{"start":{"line":119,"column":6},"end":{"line":121,"column":7}}]},"8":{"loc":{"start":{"line":125,"column":6},"end":{"line":127,"column":7}},"type":"if","locations":[{"start":{"line":125,"column":6},"end":{"line":127,"column":7}}]},"9":{"loc":{"start":{"line":125,"column":10},"end":{"line":125,"column":38}},"type":"binary-expr","locations":[{"start":{"line":125,"column":10},"end":{"line":125,"column":22}},{"start":{"line":125,"column":26},"end":{"line":125,"column":38}}]}},"s":{"0":0,"1":0,"2":0,"3":0,"4":0,"5":0,"6":0,"7":0,"8":0,"9":0,"10":0,"11":0,"12":0,"13":0,"14":0,"15":0,"16":0,"17":0,"18":0,"19":0,"20":0,"21":0,"22":0,"23":0,"24":0,"25":0,"26":0,"27":0,"28":0,"29":0,"30":0,"31":0,"32":0,"33":0,"34":0,"35":0,"36":0,"37":0,"38":0,"39":0,"40":0,"41":0,"42":0,"43":0,"44":0,"45":0,"46":0,"47":0},"f":{"0":0,"1":0,"2":0,"3":0,"4":0,"5":0},"b":{"0":[0],"1":[0,0,0,0],"2":[0],"3":[0,0],"4":[0],"5":[0],"6":[0],"7":[0],"8":[0],"9":[0,0]}}
,"/a0/usr/workdir/projetos/fincontrol/apps/api/src/controllers/budgetController.ts": {"path":"/a0/usr/workdir/projetos/fincontrol/apps/api/src/controllers/budgetController.ts","statementMap":{"0":{"start":{"line":2,"column":0},"end":{"line":2,"column":58}},"1":{"start":{"line":3,"column":0},"end":{"line":3,"column":54}},"2":{"start":{"line":9,"column":13},"end":{"line":129,"column":2}},"3":{"start":{"line":11,"column":4},"end":{"line":41,"column":5}},"4":{"start":{"line":12,"column":26},"end":{"line":12,"column":65}},"5":{"start":{"line":14,"column":6},"end":{"line":16,"column":7}},"6":{"start":{"line":15,"column":8},"end":{"line":15,"column":57}},"7":{"start":{"line":18,"column":99},"end":{"line":18,"column":107}},"8":{"start":{"line":20,"column":6},"end":{"line":22,"column":7}},"9":{"start":{"line":21,"column":8},"end":{"line":21,"column":91}},"10":{"start":{"line":24,"column":21},"end":{"line":32,"column":8}},"11":{"start":{"line":34,"column":6},"end":{"line":38,"column":9}},"12":{"start":{"line":40,"column":6},"end":{"line":40,"column":18}},"13":{"start":{"line":45,"column":4},"end":{"line":60,"column":5}},"14":{"start":{"line":46,"column":26},"end":{"line":46,"column":65}},"15":{"start":{"line":48,"column":6},"end":{"line":50,"column":7}},"16":{"start":{"line":49,"column":8},"end":{"line":49,"column":57}},"17":{"start":{"line":52,"column":22},"end":{"line":52,"column":70}},"18":{"start":{"line":54,"column":6},"end":{"line":57,"column":9}},"19":{"start":{"line":59,"column":6},"end":{"line":59,"column":18}},"20":{"start":{"line":64,"column":4},"end":{"line":80,"column":5}},"21":{"start":{"line":65,"column":26},"end":{"line":65,"column":65}},"22":{"start":{"line":66,"column":21},"end":{"line":66,"column":31}},"23":{"start":{"line":68,"column":6},"end":{"line":70,"column":7}},"24":{"start":{"line":69,"column":8},"end":{"line":69,"column":57}},"25":{"start":{"line":72,"column":21},"end":{"line":72,"column":66}},"26":{"start":{"line":74,"column":6},"end":{"line":77,"column":9}},"27":{"start":{"line":79,"column":6},"end":{"line":79,"column":18}},"28":{"start":{"line":84,"column":4},"end":{"line":107,"column":5}},"29":{"start":{"line":85,"column":26},"end":{"line":85,"column":65}},"30":{"start":{"line":86,"column":21},"end":{"line":86,"column":31}},"31":{"start":{"line":88,"column":6},"end":{"line":90,"column":7}},"32":{"start":{"line":89,"column":8},"end":{"line":89,"column":57}},"33":{"start":{"line":92,"column":52},"end":{"line":92,"column":60}},"34":{"start":{"line":94,"column":21},"end":{"line":98,"column":8}},"35":{"start":{"line":100,"column":6},"end":{"line":104,"column":9}},"36":{"start":{"line":106,"column":6},"end":{"line":106,"column":18}},"37":{"start":{"line":111,"column":4},"end":{"line":127,"column":5}},"38":{"start":{"line":112,"column":26},"end":{"line":112,"column":65}},"39":{"start":{"line":113,"column":21},"end":{"line":113,"column":31}},"40":{"start":{"line":115,"column":6},"end":{"line":117,"column":7}},"41":{"start":{"line":116,"column":8},"end":{"line":116,"column":57}},"42":{"start":{"line":119,"column":21},"end":{"line":119,"column":64}},"43":{"start":{"line":121,"column":6},"end":{"line":124,"column":9}},"44":{"start":{"line":126,"column":6},"end":{"line":126,"column":18}}},"fnMap":{"0":{"name":"(anonymous_0)","decl":{"start":{"line":10,"column":2},"end":{"line":10,"column":7}},"loc":{"start":{"line":10,"column":66},"end":{"line":42,"column":3}}},"1":{"name":"(anonymous_1)","decl":{"start":{"line":44,"column":2},"end":{"line":44,"column":7}},"loc":{"start":{"line":44,"column":66},"end":{"line":61,"column":3}}},"2":{"name":"(anonymous_2)","decl":{"start":{"line":63,"column":2},"end":{"line":63,"column":7}},"loc":{"start":{"line":63,"column":67},"end":{"line":81,"column":3}}},"3":{"name":"(anonymous_3)","decl":{"start":{"line":83,"column":2},"end":{"line":83,"column":7}},"loc":{"start":{"line":83,"column":66},"end":{"line":108,"column":3}}},"4":{"name":"(anonymous_4)","decl":{"start":{"line":110,"column":2},"end":{"line":110,"column":7}},"loc":{"start":{"line":110,"column":66},"end":{"line":128,"column":3}}}},"branchMap":{"0":{"loc":{"start":{"line":14,"column":6},"end":{"line":16,"column":7}},"type":"if","locations":[{"start":{"line":14,"column":6},"end":{"line":16,"column":7}}]},"1":{"loc":{"start":{"line":20,"column":6},"end":{"line":22,"column":7}},"type":"if","locations":[{"start":{"line":20,"column":6},"end":{"line":22,"column":7}}]},"2":{"loc":{"start":{"line":20,"column":10},"end":{"line":20,"column":59}},"type":"binary-expr","locations":[{"start":{"line":20,"column":10},"end":{"line":20,"column":15}},{"start":{"line":20,"column":19},"end":{"line":20,"column":29}},{"start":{"line":20,"column":33},"end":{"line":20,"column":41}},{"start":{"line":20,"column":45},"end":{"line":20,"column":59}}]},"3":{"loc":{"start":{"line":31,"column":20},"end":{"line":31,"column":36}},"type":"binary-expr","locations":[{"start":{"line":31,"column":20},"end":{"line":31,"column":30}},{"start":{"line":31,"column":34},"end":{"line":31,"column":36}}]},"4":{"loc":{"start":{"line":48,"column":6},"end":{"line":50,"column":7}},"type":"if","locations":[{"start":{"line":48,"column":6},"end":{"line":50,"column":7}}]},"5":{"loc":{"start":{"line":68,"column":6},"end":{"line":70,"column":7}},"type":"if","locations":[{"start":{"line":68,"column":6},"end":{"line":70,"column":7}}]},"6":{"loc":{"start":{"line":88,"column":6},"end":{"line":90,"column":7}},"type":"if","locations":[{"start":{"line":88,"column":6},"end":{"line":90,"column":7}}]},"7":{"loc":{"start":{"line":115,"column":6},"end":{"line":117,"column":7}},"type":"if","locations":[{"start":{"line":115,"column":6},"end":{"line":117,"column":7}}]}},"s":{"0":0,"1":0,"2":0,"3":0,"4":0,"5":0,"6":0,"7":0,"8":0,"9":0,"10":0,"11":0,"12":0,"13":0,"14":0,"15":0,"16":0,"17":0,"18":0,"19":0,"20":0,"21":0,"22":0,"23":0,"24":0,"25":0,"26":0,"27":0,"28":0,"29":0,"30":0,"31":0,"32":0,"33":0,"34":0,"35":0,"36":0,"37":0,"38":0,"39":0,"40":0,"41":0,"42":0,"43":0,"44":0},"f":{"0":0,"1":0,"2":0,"3":0,"4":0},"b":{"0":[0],"1":[0],"2":[0,0,0,0],"3":[0,0],"4":[0],"5":[0],"6":[0],"7":[0]}}
,"/a0/usr/workdir/projetos/fincontrol/apps/api/src/controllers/categoryController.ts": {"path":"/a0/usr/workdir/projetos/fincontrol/apps/api/src/controllers/categoryController.ts","statementMap":{"0":{"start":{"line":2,"column":0},"end":{"line":2,"column":62}},"1":{"start":{"line":3,"column":0},"end":{"line":3,"column":54}},"2":{"start":{"line":9,"column":13},"end":{"line":129,"column":2}},"3":{"start":{"line":11,"column":4},"end":{"line":40,"column":5}},"4":{"start":{"line":12,"column":26},"end":{"line":12,"column":65}},"5":{"start":{"line":14,"column":6},"end":{"line":16,"column":7}},"6":{"start":{"line":15,"column":8},"end":{"line":15,"column":57}},"7":{"start":{"line":18,"column":65},"end":{"line":18,"column":73}},"8":{"start":{"line":20,"column":6},"end":{"line":22,"column":7}},"9":{"start":{"line":21,"column":8},"end":{"line":21,"column":62}},"10":{"start":{"line":24,"column":23},"end":{"line":31,"column":8}},"11":{"start":{"line":33,"column":6},"end":{"line":37,"column":9}},"12":{"start":{"line":39,"column":6},"end":{"line":39,"column":18}},"13":{"start":{"line":44,"column":4},"end":{"line":59,"column":5}},"14":{"start":{"line":45,"column":26},"end":{"line":45,"column":65}},"15":{"start":{"line":47,"column":6},"end":{"line":49,"column":7}},"16":{"start":{"line":48,"column":8},"end":{"line":48,"column":57}},"17":{"start":{"line":51,"column":25},"end":{"line":51,"column":75}},"18":{"start":{"line":53,"column":6},"end":{"line":56,"column":9}},"19":{"start":{"line":58,"column":6},"end":{"line":58,"column":18}},"20":{"start":{"line":63,"column":4},"end":{"line":79,"column":5}},"21":{"start":{"line":64,"column":26},"end":{"line":64,"column":65}},"22":{"start":{"line":65,"column":21},"end":{"line":65,"column":31}},"23":{"start":{"line":67,"column":6},"end":{"line":69,"column":7}},"24":{"start":{"line":68,"column":8},"end":{"line":68,"column":57}},"25":{"start":{"line":71,"column":23},"end":{"line":71,"column":70}},"26":{"start":{"line":73,"column":6},"end":{"line":76,"column":9}},"27":{"start":{"line":78,"column":6},"end":{"line":78,"column":18}},"28":{"start":{"line":83,"column":4},"end":{"line":107,"column":5}},"29":{"start":{"line":84,"column":26},"end":{"line":84,"column":65}},"30":{"start":{"line":85,"column":21},"end":{"line":85,"column":31}},"31":{"start":{"line":87,"column":6},"end":{"line":89,"column":7}},"32":{"start":{"line":88,"column":8},"end":{"line":88,"column":57}},"33":{"start":{"line":91,"column":49},"end":{"line":91,"column":57}},"34":{"start":{"line":93,"column":23},"end":{"line":98,"column":8}},"35":{"start":{"line":100,"column":6},"end":{"line":104,"column":9}},"36":{"start":{"line":106,"column":6},"end":{"line":106,"column":18}},"37":{"start":{"line":111,"column":4},"end":{"line":127,"column":5}},"38":{"start":{"line":112,"column":26},"end":{"line":112,"column":65}},"39":{"start":{"line":113,"column":21},"end":{"line":113,"column":31}},"40":{"start":{"line":115,"column":6},"end":{"line":117,"column":7}},"41":{"start":{"line":116,"column":8},"end":{"line":116,"column":57}},"42":{"start":{"line":119,"column":21},"end":{"line":119,"column":66}},"43":{"start":{"line":121,"column":6},"end":{"line":124,"column":9}},"44":{"start":{"line":126,"column":6},"end":{"line":126,"column":18}}},"fnMap":{"0":{"name":"(anonymous_0)","decl":{"start":{"line":10,"column":2},"end":{"line":10,"column":7}},"loc":{"start":{"line":10,"column":66},"end":{"line":41,"column":3}}},"1":{"name":"(anonymous_1)","decl":{"start":{"line":43,"column":2},"end":{"line":43,"column":7}},"loc":{"start":{"line":43,"column":66},"end":{"line":60,"column":3}}},"2":{"name":"(anonymous_2)","decl":{"start":{"line":62,"column":2},"end":{"line":62,"column":7}},"loc":{"start":{"line":62,"column":67},"end":{"line":80,"column":3}}},"3":{"name":"(anonymous_3)","decl":{"start":{"line":82,"column":2},"end":{"line":82,"column":7}},"loc":{"start":{"line":82,"column":66},"end":{"line":108,"column":3}}},"4":{"name":"(anonymous_4)","decl":{"start":{"line":110,"column":2},"end":{"line":110,"column":7}},"loc":{"start":{"line":110,"column":66},"end":{"line":128,"column":3}}}},"branchMap":{"0":{"loc":{"start":{"line":14,"column":6},"end":{"line":16,"column":7}},"type":"if","locations":[{"start":{"line":14,"column":6},"end":{"line":16,"column":7}}]},"1":{"loc":{"start":{"line":20,"column":6},"end":{"line":22,"column":7}},"type":"if","locations":[{"start":{"line":20,"column":6},"end":{"line":22,"column":7}}]},"2":{"loc":{"start":{"line":20,"column":10},"end":{"line":20,"column":24}},"type":"binary-expr","locations":[{"start":{"line":20,"column":10},"end":{"line":20,"column":15}},{"start":{"line":20,"column":19},"end":{"line":20,"column":24}}]},"3":{"loc":{"start":{"line":47,"column":6},"end":{"line":49,"column":7}},"type":"if","locations":[{"start":{"line":47,"column":6},"end":{"line":49,"column":7}}]},"4":{"loc":{"start":{"line":67,"column":6},"end":{"line":69,"column":7}},"type":"if","locations":[{"start":{"line":67,"column":6},"end":{"line":69,"column":7}}]},"5":{"loc":{"start":{"line":87,"column":6},"end":{"line":89,"column":7}},"type":"if","locations":[{"start":{"line":87,"column":6},"end":{"line":89,"column":7}}]},"6":{"loc":{"start":{"line":115,"column":6},"end":{"line":117,"column":7}},"type":"if","locations":[{"start":{"line":115,"column":6},"end":{"line":117,"column":7}}]}},"s":{"0":0,"1":0,"2":0,"3":0,"4":0,"5":0,"6":0,"7":0,"8":0,"9":0,"10":0,"11":0,"12":0,"13":0,"14":0,"15":0,"16":0,"17":0,"18":0,"19":0,"20":0,"21":0,"22":0,"23":0,"24":0,"25":0,"26":0,"27":0,"28":0,"29":0,"30":0,"31":0,"32":0,"33":0,"34":0,"35":0,"36":0,"37":0,"38":0,"39":0,"40":0,"41":0,"42":0,"43":0,"44":0},"f":{"0":0,"1":0,"2":0,"3":0,"4":0},"b":{"0":[0],"1":[0],"2":[0,0],"3":[0],"4":[0],"5":[0],"6":[0]}}
,"/a0/usr/workdir/projetos/fincontrol/apps/api/src/controllers/dashboardController.ts": {"path":"/a0/usr/workdir/projetos/fincontrol/apps/api/src/controllers/dashboardController.ts","statementMap":{"0":{"start":{"line":2,"column":0},"end":{"line":2,"column":64}},"1":{"start":{"line":3,"column":0},"end":{"line":3,"column":54}},"2":{"start":{"line":9,"column":13},"end":{"line":68,"column":2}},"3":{"start":{"line":11,"column":4},"end":{"line":26,"column":5}},"4":{"start":{"line":12,"column":26},"end":{"line":12,"column":65}},"5":{"start":{"line":14,"column":6},"end":{"line":16,"column":7}},"6":{"start":{"line":15,"column":8},"end":{"line":15,"column":57}},"7":{"start":{"line":18,"column":22},"end":{"line":18,"column":68}},"8":{"start":{"line":20,"column":6},"end":{"line":23,"column":9}},"9":{"start":{"line":25,"column":6},"end":{"line":25,"column":18}},"10":{"start":{"line":30,"column":4},"end":{"line":46,"column":5}},"11":{"start":{"line":31,"column":26},"end":{"line":31,"column":65}},"12":{"start":{"line":33,"column":6},"end":{"line":35,"column":7}},"13":{"start":{"line":34,"column":8},"end":{"line":34,"column":57}},"14":{"start":{"line":37,"column":21},"end":{"line":37,"column":62}},"15":{"start":{"line":38,"column":21},"end":{"line":38,"column":80}},"16":{"start":{"line":40,"column":6},"end":{"line":43,"column":9}},"17":{"start":{"line":45,"column":6},"end":{"line":45,"column":18}},"18":{"start":{"line":50,"column":4},"end":{"line":66,"column":5}},"19":{"start":{"line":51,"column":26},"end":{"line":51,"column":65}},"20":{"start":{"line":52,"column":19},"end":{"line":52,"column":56}},"21":{"start":{"line":54,"column":6},"end":{"line":56,"column":7}},"22":{"start":{"line":55,"column":8},"end":{"line":55,"column":57}},"23":{"start":{"line":58,"column":24},"end":{"line":58,"column":86}},"24":{"start":{"line":60,"column":6},"end":{"line":63,"column":9}},"25":{"start":{"line":65,"column":6},"end":{"line":65,"column":18}}},"fnMap":{"0":{"name":"(anonymous_0)","decl":{"start":{"line":10,"column":2},"end":{"line":10,"column":7}},"loc":{"start":{"line":10,"column":70},"end":{"line":27,"column":3}}},"1":{"name":"(anonymous_1)","decl":{"start":{"line":29,"column":2},"end":{"line":29,"column":7}},"loc":{"start":{"line":29,"column":75},"end":{"line":47,"column":3}}},"2":{"name":"(anonymous_2)","decl":{"start":{"line":49,"column":2},"end":{"line":49,"column":7}},"loc":{"start":{"line":49,"column":80},"end":{"line":67,"column":3}}}},"branchMap":{"0":{"loc":{"start":{"line":14,"column":6},"end":{"line":16,"column":7}},"type":"if","locations":[{"start":{"line":14,"column":6},"end":{"line":16,"column":7}}]},"1":{"loc":{"start":{"line":33,"column":6},"end":{"line":35,"column":7}},"type":"if","locations":[{"start":{"line":33,"column":6},"end":{"line":35,"column":7}}]},"2":{"loc":{"start":{"line":37,"column":21},"end":{"line":37,"column":62}},"type":"binary-expr","locations":[{"start":{"line":37,"column":21},"end":{"line":37,"column":57}},{"start":{"line":37,"column":61},"end":{"line":37,"column":62}}]},"3":{"loc":{"start":{"line":52,"column":19},"end":{"line":52,"column":56}},"type":"binary-expr","locations":[{"start":{"line":52,"column":19},"end":{"line":52,"column":43}},{"start":{"line":52,"column":47},"end":{"line":52,"column":56}}]},"4":{"loc":{"start":{"line":54,"column":6},"end":{"line":56,"column":7}},"type":"if","locations":[{"start":{"line":54,"column":6},"end":{"line":56,"column":7}}]}},"s":{"0":0,"1":0,"2":0,"3":0,"4":0,"5":0,"6":0,"7":0,"8":0,"9":0,"10":0,"11":0,"12":0,"13":0,"14":0,"15":0,"16":0,"17":0,"18":0,"19":0,"20":0,"21":0,"22":0,"23":0,"24":0,"25":0},"f":{"0":0,"1":0,"2":0},"b":{"0":[0],"1":[0],"2":[0,0],"3":[0,0],"4":[0]}}
,"/a0/usr/workdir/projetos/fincontrol/apps/api/src/controllers/goalController.ts": {"path":"/a0/usr/workdir/projetos/fincontrol/apps/api/src/controllers/goalController.ts","statementMap":{"0":{"start":{"line":2,"column":0},"end":{"line":2,"column":54}},"1":{"start":{"line":3,"column":0},"end":{"line":3,"column":54}},"2":{"start":{"line":9,"column":13},"end":{"line":163,"column":2}},"3":{"start":{"line":11,"column":4},"end":{"line":43,"column":5}},"4":{"start":{"line":12,"column":26},"end":{"line":12,"column":65}},"5":{"start":{"line":14,"column":6},"end":{"line":16,"column":7}},"6":{"start":{"line":15,"column":8},"end":{"line":15,"column":57}},"7":{"start":{"line":18,"column":117},"end":{"line":18,"column":125}},"8":{"start":{"line":20,"column":6},"end":{"line":22,"column":7}},"9":{"start":{"line":21,"column":8},"end":{"line":21,"column":76}},"10":{"start":{"line":24,"column":19},"end":{"line":34,"column":8}},"11":{"start":{"line":36,"column":6},"end":{"line":40,"column":9}},"12":{"start":{"line":42,"column":6},"end":{"line":42,"column":18}},"13":{"start":{"line":47,"column":4},"end":{"line":62,"column":5}},"14":{"start":{"line":48,"column":26},"end":{"line":48,"column":65}},"15":{"start":{"line":50,"column":6},"end":{"line":52,"column":7}},"16":{"start":{"line":51,"column":8},"end":{"line":51,"column":57}},"17":{"start":{"line":54,"column":20},"end":{"line":54,"column":66}},"18":{"start":{"line":56,"column":6},"end":{"line":59,"column":9}},"19":{"start":{"line":61,"column":6},"end":{"line":61,"column":18}},"20":{"start":{"line":66,"column":4},"end":{"line":82,"column":5}},"21":{"start":{"line":67,"column":26},"end":{"line":67,"column":65}},"22":{"start":{"line":68,"column":21},"end":{"line":68,"column":31}},"23":{"start":{"line":70,"column":6},"end":{"line":72,"column":7}},"24":{"start":{"line":71,"column":8},"end":{"line":71,"column":57}},"25":{"start":{"line":74,"column":19},"end":{"line":74,"column":62}},"26":{"start":{"line":76,"column":6},"end":{"line":79,"column":9}},"27":{"start":{"line":81,"column":6},"end":{"line":81,"column":18}},"28":{"start":{"line":86,"column":4},"end":{"line":114,"column":5}},"29":{"start":{"line":87,"column":26},"end":{"line":87,"column":65}},"30":{"start":{"line":88,"column":21},"end":{"line":88,"column":31}},"31":{"start":{"line":90,"column":6},"end":{"line":92,"column":7}},"32":{"start":{"line":91,"column":8},"end":{"line":91,"column":57}},"33":{"start":{"line":94,"column":111},"end":{"line":94,"column":119}},"34":{"start":{"line":96,"column":19},"end":{"line":105,"column":8}},"35":{"start":{"line":107,"column":6},"end":{"line":111,"column":9}},"36":{"start":{"line":113,"column":6},"end":{"line":113,"column":18}},"37":{"start":{"line":118,"column":4},"end":{"line":134,"column":5}},"38":{"start":{"line":119,"column":26},"end":{"line":119,"column":65}},"39":{"start":{"line":120,"column":21},"end":{"line":120,"column":31}},"40":{"start":{"line":122,"column":6},"end":{"line":124,"column":7}},"41":{"start":{"line":123,"column":8},"end":{"line":123,"column":57}},"42":{"start":{"line":126,"column":21},"end":{"line":126,"column":62}},"43":{"start":{"line":128,"column":6},"end":{"line":131,"column":9}},"44":{"start":{"line":133,"column":6},"end":{"line":133,"column":18}},"45":{"start":{"line":138,"column":4},"end":{"line":161,"column":5}},"46":{"start":{"line":139,"column":26},"end":{"line":139,"column":65}},"47":{"start":{"line":140,"column":21},"end":{"line":140,"column":31}},"48":{"start":{"line":142,"column":6},"end":{"line":144,"column":7}},"49":{"start":{"line":143,"column":8},"end":{"line":143,"column":57}},"50":{"start":{"line":146,"column":38},"end":{"line":146,"column":46}},"51":{"start":{"line":148,"column":6},"end":{"line":150,"column":7}},"52":{"start":{"line":149,"column":8},"end":{"line":149,"column":65}},"53":{"start":{"line":152,"column":27},"end":{"line":152,"column":98}},"54":{"start":{"line":154,"column":6},"end":{"line":158,"column":9}},"55":{"start":{"line":160,"column":6},"end":{"line":160,"column":18}}},"fnMap":{"0":{"name":"(anonymous_0)","decl":{"start":{"line":10,"column":2},"end":{"line":10,"column":7}},"loc":{"start":{"line":10,"column":66},"end":{"line":44,"column":3}}},"1":{"name":"(anonymous_1)","decl":{"start":{"line":46,"column":2},"end":{"line":46,"column":7}},"loc":{"start":{"line":46,"column":66},"end":{"line":63,"column":3}}},"2":{"name":"(anonymous_2)","decl":{"start":{"line":65,"column":2},"end":{"line":65,"column":7}},"loc":{"start":{"line":65,"column":67},"end":{"line":83,"column":3}}},"3":{"name":"(anonymous_3)","decl":{"start":{"line":85,"column":2},"end":{"line":85,"column":7}},"loc":{"start":{"line":85,"column":66},"end":{"line":115,"column":3}}},"4":{"name":"(anonymous_4)","decl":{"start":{"line":117,"column":2},"end":{"line":117,"column":7}},"loc":{"start":{"line":117,"column":66},"end":{"line":135,"column":3}}},"5":{"name":"(anonymous_5)","decl":{"start":{"line":137,"column":2},"end":{"line":137,"column":7}},"loc":{"start":{"line":137,"column":75},"end":{"line":162,"column":3}}}},"branchMap":{"0":{"loc":{"start":{"line":14,"column":6},"end":{"line":16,"column":7}},"type":"if","locations":[{"start":{"line":14,"column":6},"end":{"line":16,"column":7}}]},"1":{"loc":{"start":{"line":20,"column":6},"end":{"line":22,"column":7}},"type":"if","locations":[{"start":{"line":20,"column":6},"end":{"line":22,"column":7}}]},"2":{"loc":{"start":{"line":20,"column":10},"end":{"line":20,"column":41}},"type":"binary-expr","locations":[{"start":{"line":20,"column":10},"end":{"line":20,"column":15}},{"start":{"line":20,"column":19},"end":{"line":20,"column":24}},{"start":{"line":20,"column":28},"end":{"line":20,"column":41}}]},"3":{"loc":{"start":{"line":29,"column":20},"end":{"line":29,"column":65}},"type":"cond-expr","locations":[{"start":{"line":29,"column":33},"end":{"line":29,"column":53}},{"start":{"line":29,"column":56},"end":{"line":29,"column":65}}]},"4":{"loc":{"start":{"line":50,"column":6},"end":{"line":52,"column":7}},"type":"if","locations":[{"start":{"line":50,"column":6},"end":{"line":52,"column":7}}]},"5":{"loc":{"start":{"line":70,"column":6},"end":{"line":72,"column":7}},"type":"if","locations":[{"start":{"line":70,"column":6},"end":{"line":72,"column":7}}]},"6":{"loc":{"start":{"line":90,"column":6},"end":{"line":92,"column":7}},"type":"if","locations":[{"start":{"line":90,"column":6},"end":{"line":92,"column":7}}]},"7":{"loc":{"start":{"line":100,"column":20},"end":{"line":100,"column":65}},"type":"cond-expr","locations":[{"start":{"line":100,"column":33},"end":{"line":100,"column":53}},{"start":{"line":100,"column":56},"end":{"line":100,"column":65}}]},"8":{"loc":{"start":{"line":122,"column":6},"end":{"line":124,"column":7}},"type":"if","locations":[{"start":{"line":122,"column":6},"end":{"line":124,"column":7}}]},"9":{"loc":{"start":{"line":142,"column":6},"end":{"line":144,"column":7}},"type":"if","locations":[{"start":{"line":142,"column":6},"end":{"line":144,"column":7}}]},"10":{"loc":{"start":{"line":148,"column":6},"end":{"line":150,"column":7}},"type":"if","locations":[{"start":{"line":148,"column":6},"end":{"line":150,"column":7}}]},"11":{"loc":{"start":{"line":148,"column":10},"end":{"line":148,"column":32}},"type":"binary-expr","locations":[{"start":{"line":148,"column":10},"end":{"line":148,"column":17}},{"start":{"line":148,"column":21},"end":{"line":148,"column":32}}]}},"s":{"0":0,"1":0,"2":0,"3":0,"4":0,"5":0,"6":0,"7":0,"8":0,"9":0,"10":0,"11":0,"12":0,"13":0,"14":0,"15":0,"16":0,"17":0,"18":0,"19":0,"20":0,"21":0,"22":0,"23":0,"24":0,"25":0,"26":0,"27":0,"28":0,"29":0,"30":0,"31":0,"32":0,"33":0,"34":0,"35":0,"36":0,"37":0,"38":0,"39":0,"40":0,"41":0,"42":0,"43":0,"44":0,"45":0,"46":0,"47":0,"48":0,"49":0,"50":0,"51":0,"52":0,"53":0,"54":0,"55":0},"f":{"0":0,"1":0,"2":0,"3":0,"4":0,"5":0},"b":{"0":[0],"1":[0],"2":[0,0,0],"3":[0,0],"4":[0],"5":[0],"6":[0],"7":[0,0],"8":[0],"9":[0],"10":[0],"11":[0,0]}}
,"/a0/usr/workdir/projetos/fincontrol/apps/api/src/controllers/transactionController.ts": {"path":"/a0/usr/workdir/projetos/fincontrol/apps/api/src/controllers/transactionController.ts","statementMap":{"0":{"start":{"line":2,"column":0},"end":{"line":2,"column":68}},"1":{"start":{"line":3,"column":0},"end":{"line":3,"column":54}},"2":{"start":{"line":9,"column":13},"end":{"line":179,"column":2}},"3":{"start":{"line":11,"column":4},"end":{"line":42,"column":5}},"4":{"start":{"line":12,"column":26},"end":{"line":12,"column":65}},"5":{"start":{"line":14,"column":6},"end":{"line":16,"column":7}},"6":{"start":{"line":15,"column":8},"end":{"line":15,"column":57}},"7":{"start":{"line":18,"column":97},"end":{"line":18,"column":105}},"8":{"start":{"line":20,"column":6},"end":{"line":22,"column":7}},"9":{"start":{"line":21,"column":8},"end":{"line":21,"column":86}},"10":{"start":{"line":24,"column":26},"end":{"line":33,"column":8}},"11":{"start":{"line":35,"column":6},"end":{"line":39,"column":9}},"12":{"start":{"line":41,"column":6},"end":{"line":41,"column":18}},"13":{"start":{"line":46,"column":4},"end":{"line":83,"column":5}},"14":{"start":{"line":47,"column":26},"end":{"line":47,"column":65}},"15":{"start":{"line":49,"column":6},"end":{"line":51,"column":7}},"16":{"start":{"line":50,"column":8},"end":{"line":50,"column":57}},"17":{"start":{"line":53,"column":19},"end":{"line":53,"column":58}},"18":{"start":{"line":54,"column":20},"end":{"line":54,"column":61}},"19":{"start":{"line":55,"column":24},"end":{"line":55,"column":53}},"20":{"start":{"line":56,"column":25},"end":{"line":56,"column":55}},"21":{"start":{"line":57,"column":19},"end":{"line":57,"column":43}},"22":{"start":{"line":58,"column":24},"end":{"line":58,"column":97}},"23":{"start":{"line":59,"column":22},"end":{"line":59,"column":91}},"24":{"start":{"line":61,"column":21},"end":{"line":69,"column":8}},"25":{"start":{"line":71,"column":6},"end":{"line":80,"column":9}},"26":{"start":{"line":82,"column":6},"end":{"line":82,"column":18}},"27":{"start":{"line":87,"column":4},"end":{"line":103,"column":5}},"28":{"start":{"line":88,"column":26},"end":{"line":88,"column":65}},"29":{"start":{"line":89,"column":21},"end":{"line":89,"column":31}},"30":{"start":{"line":91,"column":6},"end":{"line":93,"column":7}},"31":{"start":{"line":92,"column":8},"end":{"line":92,"column":57}},"32":{"start":{"line":95,"column":26},"end":{"line":95,"column":76}},"33":{"start":{"line":97,"column":6},"end":{"line":100,"column":9}},"34":{"start":{"line":102,"column":6},"end":{"line":102,"column":18}},"35":{"start":{"line":107,"column":4},"end":{"line":135,"column":5}},"36":{"start":{"line":108,"column":26},"end":{"line":108,"column":65}},"37":{"start":{"line":109,"column":21},"end":{"line":109,"column":31}},"38":{"start":{"line":111,"column":6},"end":{"line":113,"column":7}},"39":{"start":{"line":112,"column":8},"end":{"line":112,"column":57}},"40":{"start":{"line":115,"column":97},"end":{"line":115,"column":105}},"41":{"start":{"line":117,"column":26},"end":{"line":126,"column":8}},"42":{"start":{"line":128,"column":6},"end":{"line":132,"column":9}},"43":{"start":{"line":134,"column":6},"end":{"line":134,"column":18}},"44":{"start":{"line":139,"column":4},"end":{"line":155,"column":5}},"45":{"start":{"line":140,"column":26},"end":{"line":140,"column":65}},"46":{"start":{"line":141,"column":21},"end":{"line":141,"column":31}},"47":{"start":{"line":143,"column":6},"end":{"line":145,"column":7}},"48":{"start":{"line":144,"column":8},"end":{"line":144,"column":57}},"49":{"start":{"line":147,"column":21},"end":{"line":147,"column":69}},"50":{"start":{"line":149,"column":6},"end":{"line":152,"column":9}},"51":{"start":{"line":154,"column":6},"end":{"line":154,"column":18}},"52":{"start":{"line":159,"column":4},"end":{"line":177,"column":5}},"53":{"start":{"line":160,"column":26},"end":{"line":160,"column":65}},"54":{"start":{"line":162,"column":6},"end":{"line":164,"column":7}},"55":{"start":{"line":163,"column":8},"end":{"line":163,"column":57}},"56":{"start":{"line":166,"column":24},"end":{"line":166,"column":97}},"57":{"start":{"line":167,"column":22},"end":{"line":167,"column":91}},"58":{"start":{"line":169,"column":22},"end":{"line":169,"column":90}},"59":{"start":{"line":171,"column":6},"end":{"line":174,"column":9}},"60":{"start":{"line":176,"column":6},"end":{"line":176,"column":18}}},"fnMap":{"0":{"name":"(anonymous_0)","decl":{"start":{"line":10,"column":2},"end":{"line":10,"column":7}},"loc":{"start":{"line":10,"column":66},"end":{"line":43,"column":3}}},"1":{"name":"(anonymous_1)","decl":{"start":{"line":45,"column":2},"end":{"line":45,"column":7}},"loc":{"start":{"line":45,"column":66},"end":{"line":84,"column":3}}},"2":{"name":"(anonymous_2)","decl":{"start":{"line":86,"column":2},"end":{"line":86,"column":7}},"loc":{"start":{"line":86,"column":67},"end":{"line":104,"column":3}}},"3":{"name":"(anonymous_3)","decl":{"start":{"line":106,"column":2},"end":{"line":106,"column":7}},"loc":{"start":{"line":106,"column":66},"end":{"line":136,"column":3}}},"4":{"name":"(anonymous_4)","decl":{"start":{"line":138,"column":2},"end":{"line":138,"column":7}},"loc":{"start":{"line":138,"column":66},"end":{"line":156,"column":3}}},"5":{"name":"(anonymous_5)","decl":{"start":{"line":158,"column":2},"end":{"line":158,"column":7}},"loc":{"start":{"line":158,"column":70},"end":{"line":178,"column":3}}}},"branchMap":{"0":{"loc":{"start":{"line":14,"column":6},"end":{"line":16,"column":7}},"type":"if","locations":[{"start":{"line":14,"column":6},"end":{"line":16,"column":7}}]},"1":{"loc":{"start":{"line":20,"column":6},"end":{"line":22,"column":7}},"type":"if","locations":[{"start":{"line":20,"column":6},"end":{"line":22,"column":7}}]},"2":{"loc":{"start":{"line":20,"column":10},"end":{"line":20,"column":56}},"type":"binary-expr","locations":[{"start":{"line":20,"column":10},"end":{"line":20,"column":20}},{"start":{"line":20,"column":24},"end":{"line":20,"column":29}},{"start":{"line":20,"column":33},"end":{"line":20,"column":45}},{"start":{"line":20,"column":49},"end":{"line":20,"column":56}}]},"3":{"loc":{"start":{"line":30,"column":25},"end":{"line":30,"column":81}},"type":"cond-expr","locations":[{"start":{"line":30,"column":43},"end":{"line":30,"column":68}},{"start":{"line":30,"column":71},"end":{"line":30,"column":81}}]},"4":{"loc":{"start":{"line":49,"column":6},"end":{"line":51,"column":7}},"type":"if","locations":[{"start":{"line":49,"column":6},"end":{"line":51,"column":7}}]},"5":{"loc":{"start":{"line":53,"column":19},"end":{"line":53,"column":58}},"type":"binary-expr","locations":[{"start":{"line":53,"column":19},"end":{"line":53,"column":53}},{"start":{"line":53,"column":57},"end":{"line":53,"column":58}}]},"6":{"loc":{"start":{"line":54,"column":20},"end":{"line":54,"column":61}},"type":"binary-expr","locations":[{"start":{"line":54,"column":20},"end":{"line":54,"column":55}},{"start":{"line":54,"column":59},"end":{"line":54,"column":61}}]},"7":{"loc":{"start":{"line":58,"column":24},"end":{"line":58,"column":97}},"type":"cond-expr","locations":[{"start":{"line":58,"column":46},"end":{"line":58,"column":85}},{"start":{"line":58,"column":88},"end":{"line":58,"column":97}}]},"8":{"loc":{"start":{"line":59,"column":22},"end":{"line":59,"column":91}},"type":"cond-expr","locations":[{"start":{"line":59,"column":42},"end":{"line":59,"column":79}},{"start":{"line":59,"column":82},"end":{"line":59,"column":91}}]},"9":{"loc":{"start":{"line":91,"column":6},"end":{"line":93,"column":7}},"type":"if","locations":[{"start":{"line":91,"column":6},"end":{"line":93,"column":7}}]},"10":{"loc":{"start":{"line":111,"column":6},"end":{"line":113,"column":7}},"type":"if","locations":[{"start":{"line":111,"column":6},"end":{"line":113,"column":7}}]},"11":{"loc":{"start":{"line":123,"column":25},"end":{"line":123,"column":80}},"type":"cond-expr","locations":[{"start":{"line":123,"column":43},"end":{"line":123,"column":68}},{"start":{"line":123,"column":71},"end":{"line":123,"column":80}}]},"12":{"loc":{"start":{"line":143,"column":6},"end":{"line":145,"column":7}},"type":"if","locations":[{"start":{"line":143,"column":6},"end":{"line":145,"column":7}}]},"13":{"loc":{"start":{"line":162,"column":6},"end":{"line":164,"column":7}},"type":"if","locations":[{"start":{"line":162,"column":6},"end":{"line":164,"column":7}}]},"14":{"loc":{"start":{"line":166,"column":24},"end":{"line":166,"column":97}},"type":"cond-expr","locations":[{"start":{"line":166,"column":46},"end":{"line":166,"column":85}},{"start":{"line":166,"column":88},"end":{"line":166,"column":97}}]},"15":{"loc":{"start":{"line":167,"column":22},"end":{"line":167,"column":91}},"type":"cond-expr","locations":[{"start":{"line":167,"column":42},"end":{"line":167,"column":79}},{"start":{"line":167,"column":82},"end":{"line":167,"column":91}}]}},"s":{"0":0,"1":0,"2":0,"3":0,"4":0,"5":0,"6":0,"7":0,"8":0,"9":0,"10":0,"11":0,"12":0,"13":0,"14":0,"15":0,"16":0,"17":0,"18":0,"19":0,"20":0,"21":0,"22":0,"23":0,"24":0,"25":0,"26":0,"27":0,"28":0,"29":0,"30":0,"31":0,"32":0,"33":0,"34":0,"35":0,"36":0,"37":0,"38":0,"39":0,"40":0,"41":0,"42":0,"43":0,"44":0,"45":0,"46":0,"47":0,"48":0,"49":0,"50":0,"51":0,"52":0,"53":0,"54":0,"55":0,"56":0,"57":0,"58":0,"59":0,"60":0},"f":{"0":0,"1":0,"2":0,"3":0,"4":0,"5":0},"b":{"0":[0],"1":[0],"2":[0,0,0,0],"3":[0,0],"4":[0],"5":[0,0],"6":[0,0],"7":[0,0],"8":[0,0],"9":[0],"10":[0],"11":[0,0],"12":[0],"13":[0],"14":[0,0],"15":[0,0]}}
,"/a0/usr/workdir/projetos/fincontrol/apps/api/src/controllers/userController.ts": {"path":"/a0/usr/workdir/projetos/fincontrol/apps/api/src/controllers/userController.ts","statementMap":{"0":{"start":{"line":2,"column":0},"end":{"line":2,"column":54}},"1":{"start":{"line":3,"column":0},"end":{"line":3,"column":54}},"2":{"start":{"line":9,"column":13},"end":{"line":91,"column":2}},"3":{"start":{"line":11,"column":4},"end":{"line":30,"column":5}},"4":{"start":{"line":12,"column":19},"end":{"line":12,"column":58}},"5":{"start":{"line":13,"column":20},"end":{"line":13,"column":61}},"6":{"start":{"line":14,"column":21},"end":{"line":14,"column":47}},"7":{"start":{"line":16,"column":21},"end":{"line":16,"column":71}},"8":{"start":{"line":18,"column":6},"end":{"line":27,"column":9}},"9":{"start":{"line":29,"column":6},"end":{"line":29,"column":18}},"10":{"start":{"line":34,"column":4},"end":{"line":44,"column":5}},"11":{"start":{"line":35,"column":21},"end":{"line":35,"column":31}},"12":{"start":{"line":36,"column":19},"end":{"line":36,"column":49}},"13":{"start":{"line":38,"column":6},"end":{"line":41,"column":9}},"14":{"start":{"line":43,"column":6},"end":{"line":43,"column":18}},"15":{"start":{"line":48,"column":4},"end":{"line":70,"column":5}},"16":{"start":{"line":49,"column":21},"end":{"line":49,"column":33}},"17":{"start":{"line":51,"column":6},"end":{"line":53,"column":7}},"18":{"start":{"line":52,"column":8},"end":{"line":52,"column":59}},"19":{"start":{"line":55,"column":28},"end":{"line":55,"column":36}},"20":{"start":{"line":57,"column":6},"end":{"line":59,"column":7}},"21":{"start":{"line":58,"column":8},"end":{"line":58,"column":55}},"22":{"start":{"line":61,"column":19},"end":{"line":61,"column":68}},"23":{"start":{"line":63,"column":6},"end":{"line":67,"column":9}},"24":{"start":{"line":69,"column":6},"end":{"line":69,"column":18}},"25":{"start":{"line":74,"column":4},"end":{"line":89,"column":5}},"26":{"start":{"line":75,"column":21},"end":{"line":75,"column":33}},"27":{"start":{"line":77,"column":6},"end":{"line":79,"column":7}},"28":{"start":{"line":78,"column":8},"end":{"line":78,"column":59}},"29":{"start":{"line":81,"column":21},"end":{"line":81,"column":60}},"30":{"start":{"line":83,"column":6},"end":{"line":86,"column":9}},"31":{"start":{"line":88,"column":6},"end":{"line":88,"column":18}}},"fnMap":{"0":{"name":"(anonymous_0)","decl":{"start":{"line":10,"column":2},"end":{"line":10,"column":7}},"loc":{"start":{"line":10,"column":62},"end":{"line":31,"column":3}}},"1":{"name":"(anonymous_1)","decl":{"start":{"line":33,"column":2},"end":{"line":33,"column":7}},"loc":{"start":{"line":33,"column":63},"end":{"line":45,"column":3}}},"2":{"name":"(anonymous_2)","decl":{"start":{"line":47,"column":2},"end":{"line":47,"column":7}},"loc":{"start":{"line":47,"column":72},"end":{"line":71,"column":3}}},"3":{"name":"(anonymous_3)","decl":{"start":{"line":73,"column":2},"end":{"line":73,"column":7}},"loc":{"start":{"line":73,"column":73},"end":{"line":90,"column":3}}}},"branchMap":{"0":{"loc":{"start":{"line":12,"column":19},"end":{"line":12,"column":58}},"type":"binary-expr","locations":[{"start":{"line":12,"column":19},"end":{"line":12,"column":53}},{"start":{"line":12,"column":57},"end":{"line":12,"column":58}}]},"1":{"loc":{"start":{"line":13,"column":20},"end":{"line":13,"column":61}},"type":"binary-expr","locations":[{"start":{"line":13,"column":20},"end":{"line":13,"column":55}},{"start":{"line":13,"column":59},"end":{"line":13,"column":61}}]},"2":{"loc":{"start":{"line":51,"column":6},"end":{"line":53,"column":7}},"type":"if","locations":[{"start":{"line":51,"column":6},"end":{"line":53,"column":7}}]},"3":{"loc":{"start":{"line":57,"column":6},"end":{"line":59,"column":7}},"type":"if","locations":[{"start":{"line":57,"column":6},"end":{"line":59,"column":7}}]},"4":{"loc":{"start":{"line":77,"column":6},"end":{"line":79,"column":7}},"type":"if","locations":[{"start":{"line":77,"column":6},"end":{"line":79,"column":7}}]}},"s":{"0":0,"1":0,"2":0,"3":0,"4":0,"5":0,"6":0,"7":0,"8":0,"9":0,"10":0,"11":0,"12":0,"13":0,"14":0,"15":0,"16":0,"17":0,"18":0,"19":0,"20":0,"21":0,"22":0,"23":0,"24":0,"25":0,"26":0,"27":0,"28":0,"29":0,"30":0,"31":0},"f":{"0":0,"1":0,"2":0,"3":0},"b":{"0":[0,0],"1":[0,0],"2":[0],"3":[0],"4":[0]}}
,"/a0/usr/workdir/projetos/fincontrol/apps/api/src/controllers/workspaceController.ts": {"path":"/a0/usr/workdir/projetos/fincontrol/apps/api/src/controllers/workspaceController.ts","statementMap":{"0":{"start":{"line":2,"column":0},"end":{"line":2,"column":64}},"1":{"start":{"line":3,"column":0},"end":{"line":3,"column":54}},"2":{"start":{"line":9,"column":13},"end":{"line":175,"column":2}},"3":{"start":{"line":11,"column":4},"end":{"line":39,"column":5}},"4":{"start":{"line":12,"column":21},"end":{"line":12,"column":33}},"5":{"start":{"line":14,"column":6},"end":{"line":16,"column":7}},"6":{"start":{"line":15,"column":8},"end":{"line":15,"column":59}},"7":{"start":{"line":18,"column":62},"end":{"line":18,"column":70}},"8":{"start":{"line":20,"column":6},"end":{"line":22,"column":7}},"9":{"start":{"line":21,"column":8},"end":{"line":21,"column":62}},"10":{"start":{"line":24,"column":24},"end":{"line":30,"column":8}},"11":{"start":{"line":32,"column":6},"end":{"line":36,"column":9}},"12":{"start":{"line":38,"column":6},"end":{"line":38,"column":18}},"13":{"start":{"line":43,"column":4},"end":{"line":58,"column":5}},"14":{"start":{"line":44,"column":21},"end":{"line":44,"column":33}},"15":{"start":{"line":46,"column":6},"end":{"line":48,"column":7}},"16":{"start":{"line":47,"column":8},"end":{"line":47,"column":59}},"17":{"start":{"line":50,"column":25},"end":{"line":50,"column":66}},"18":{"start":{"line":52,"column":6},"end":{"line":55,"column":9}},"19":{"start":{"line":57,"column":6},"end":{"line":57,"column":18}},"20":{"start":{"line":62,"column":4},"end":{"line":78,"column":5}},"21":{"start":{"line":63,"column":21},"end":{"line":63,"column":33}},"22":{"start":{"line":64,"column":21},"end":{"line":64,"column":31}},"23":{"start":{"line":66,"column":6},"end":{"line":68,"column":7}},"24":{"start":{"line":67,"column":8},"end":{"line":67,"column":59}},"25":{"start":{"line":70,"column":24},"end":{"line":70,"column":67}},"26":{"start":{"line":72,"column":6},"end":{"line":75,"column":9}},"27":{"start":{"line":77,"column":6},"end":{"line":77,"column":18}},"28":{"start":{"line":82,"column":4},"end":{"line":106,"column":5}},"29":{"start":{"line":83,"column":21},"end":{"line":83,"column":33}},"30":{"start":{"line":84,"column":21},"end":{"line":84,"column":31}},"31":{"start":{"line":86,"column":6},"end":{"line":88,"column":7}},"32":{"start":{"line":87,"column":8},"end":{"line":87,"column":59}},"33":{"start":{"line":90,"column":56},"end":{"line":90,"column":64}},"34":{"start":{"line":92,"column":24},"end":{"line":97,"column":8}},"35":{"start":{"line":99,"column":6},"end":{"line":103,"column":9}},"36":{"start":{"line":105,"column":6},"end":{"line":105,"column":18}},"37":{"start":{"line":110,"column":4},"end":{"line":126,"column":5}},"38":{"start":{"line":111,"column":21},"end":{"line":111,"column":33}},"39":{"start":{"line":112,"column":21},"end":{"line":112,"column":31}},"40":{"start":{"line":114,"column":6},"end":{"line":116,"column":7}},"41":{"start":{"line":115,"column":8},"end":{"line":115,"column":59}},"42":{"start":{"line":118,"column":21},"end":{"line":118,"column":62}},"43":{"start":{"line":120,"column":6},"end":{"line":123,"column":9}},"44":{"start":{"line":125,"column":6},"end":{"line":125,"column":18}},"45":{"start":{"line":130,"column":4},"end":{"line":153,"column":5}},"46":{"start":{"line":131,"column":21},"end":{"line":131,"column":33}},"47":{"start":{"line":132,"column":21},"end":{"line":132,"column":31}},"48":{"start":{"line":134,"column":6},"end":{"line":136,"column":7}},"49":{"start":{"line":135,"column":8},"end":{"line":135,"column":59}},"50":{"start":{"line":138,"column":30},"end":{"line":138,"column":38}},"51":{"start":{"line":140,"column":6},"end":{"line":142,"column":7}},"52":{"start":{"line":141,"column":8},"end":{"line":141,"column":53}},"53":{"start":{"line":144,"column":21},"end":{"line":144,"column":81}},"54":{"start":{"line":146,"column":6},"end":{"line":150,"column":9}},"55":{"start":{"line":152,"column":6},"end":{"line":152,"column":18}},"56":{"start":{"line":157,"column":4},"end":{"line":173,"column":5}},"57":{"start":{"line":158,"column":21},"end":{"line":158,"column":33}},"58":{"start":{"line":159,"column":31},"end":{"line":159,"column":41}},"59":{"start":{"line":161,"column":6},"end":{"line":163,"column":7}},"60":{"start":{"line":162,"column":8},"end":{"line":162,"column":59}},"61":{"start":{"line":165,"column":21},"end":{"line":165,"column":78}},"62":{"start":{"line":167,"column":6},"end":{"line":170,"column":9}},"63":{"start":{"line":172,"column":6},"end":{"line":172,"column":18}}},"fnMap":{"0":{"name":"(anonymous_0)","decl":{"start":{"line":10,"column":2},"end":{"line":10,"column":7}},"loc":{"start":{"line":10,"column":66},"end":{"line":40,"column":3}}},"1":{"name":"(anonymous_1)","decl":{"start":{"line":42,"column":2},"end":{"line":42,"column":7}},"loc":{"start":{"line":42,"column":66},"end":{"line":59,"column":3}}},"2":{"name":"(anonymous_2)","decl":{"start":{"line":61,"column":2},"end":{"line":61,"column":7}},"loc":{"start":{"line":61,"column":67},"end":{"line":79,"column":3}}},"3":{"name":"(anonymous_3)","decl":{"start":{"line":81,"column":2},"end":{"line":81,"column":7}},"loc":{"start":{"line":81,"column":66},"end":{"line":107,"column":3}}},"4":{"name":"(anonymous_4)","decl":{"start":{"line":109,"column":2},"end":{"line":109,"column":7}},"loc":{"start":{"line":109,"column":66},"end":{"line":127,"column":3}}},"5":{"name":"(anonymous_5)","decl":{"start":{"line":129,"column":2},"end":{"line":129,"column":7}},"loc":{"start":{"line":129,"column":72},"end":{"line":154,"column":3}}},"6":{"name":"(anonymous_6)","decl":{"start":{"line":156,"column":2},"end":{"line":156,"column":7}},"loc":{"start":{"line":156,"column":72},"end":{"line":174,"column":3}}}},"branchMap":{"0":{"loc":{"start":{"line":14,"column":6},"end":{"line":16,"column":7}},"type":"if","locations":[{"start":{"line":14,"column":6},"end":{"line":16,"column":7}}]},"1":{"loc":{"start":{"line":20,"column":6},"end":{"line":22,"column":7}},"type":"if","locations":[{"start":{"line":20,"column":6},"end":{"line":22,"column":7}}]},"2":{"loc":{"start":{"line":20,"column":10},"end":{"line":20,"column":24}},"type":"binary-expr","locations":[{"start":{"line":20,"column":10},"end":{"line":20,"column":15}},{"start":{"line":20,"column":19},"end":{"line":20,"column":24}}]},"3":{"loc":{"start":{"line":46,"column":6},"end":{"line":48,"column":7}},"type":"if","locations":[{"start":{"line":46,"column":6},"end":{"line":48,"column":7}}]},"4":{"loc":{"start":{"line":66,"column":6},"end":{"line":68,"column":7}},"type":"if","locations":[{"start":{"line":66,"column":6},"end":{"line":68,"column":7}}]},"5":{"loc":{"start":{"line":86,"column":6},"end":{"line":88,"column":7}},"type":"if","locations":[{"start":{"line":86,"column":6},"end":{"line":88,"column":7}}]},"6":{"loc":{"start":{"line":114,"column":6},"end":{"line":116,"column":7}},"type":"if","locations":[{"start":{"line":114,"column":6},"end":{"line":116,"column":7}}]},"7":{"loc":{"start":{"line":134,"column":6},"end":{"line":136,"column":7}},"type":"if","locations":[{"start":{"line":134,"column":6},"end":{"line":136,"column":7}}]},"8":{"loc":{"start":{"line":140,"column":6},"end":{"line":142,"column":7}},"type":"if","locations":[{"start":{"line":140,"column":6},"end":{"line":142,"column":7}}]},"9":{"loc":{"start":{"line":161,"column":6},"end":{"line":163,"column":7}},"type":"if","locations":[{"start":{"line":161,"column":6},"end":{"line":163,"column":7}}]}},"s":{"0":0,"1":0,"2":0,"3":0,"4":0,"5":0,"6":0,"7":0,"8":0,"9":0,"10":0,"11":0,"12":0,"13":0,"14":0,"15":0,"16":0,"17":0,"18":0,"19":0,"20":0,"21":0,"22":0,"23":0,"24":0,"25":0,"26":0,"27":0,"28":0,"29":0,"30":0,"31":0,"32":0,"33":0,"34":0,"35":0,"36":0,"37":0,"38":0,"39":0,"40":0,"41":0,"42":0,"43":0,"44":0,"45":0,"46":0,"47":0,"48":0,"49":0,"50":0,"51":0,"52":0,"53":0,"54":0,"55":0,"56":0,"57":0,"58":0,"59":0,"60":0,"61":0,"62":0,"63":0},"f":{"0":0,"1":0,"2":0,"3":0,"4":0,"5":0,"6":0},"b":{"0":[0],"1":[0],"2":[0,0],"3":[0],"4":[0],"5":[0],"6":[0],"7":[0],"8":[0],"9":[0]}}
,"/a0/usr/workdir/projetos/fincontrol/apps/api/src/middleware/auth.ts": {"path":"/a0/usr/workdir/projetos/fincontrol/apps/api/src/middleware/auth.ts","statementMap":{"0":{"start":{"line":2,"column":0},"end":{"line":2,"column":31}},"1":{"start":{"line":3,"column":0},"end":{"line":3,"column":43}},"2":{"start":{"line":4,"column":0},"end":{"line":4,"column":42}},"3":{"start":{"line":10,"column":28},"end":{"line":54,"column":1}},"4":{"start":{"line":15,"column":2},"end":{"line":53,"column":3}},"5":{"start":{"line":16,"column":18},"end":{"line":16,"column":58}},"6":{"start":{"line":18,"column":4},"end":{"line":23,"column":5}},"7":{"start":{"line":19,"column":6},"end":{"line":22,"column":9}},"8":{"start":{"line":25,"column":20},"end":{"line":25,"column":62}},"9":{"start":{"line":27,"column":17},"end":{"line":37,"column":6}},"10":{"start":{"line":39,"column":4},"end":{"line":44,"column":5}},"11":{"start":{"line":40,"column":6},"end":{"line":43,"column":9}},"12":{"start":{"line":46,"column":4},"end":{"line":46,"column":20}},"13":{"start":{"line":47,"column":4},"end":{"line":47,"column":11}},"14":{"start":{"line":49,"column":4},"end":{"line":52,"column":7}},"15":{"start":{"line":10,"column":13},"end":{"line":10,"column":28}},"16":{"start":{"line":56,"column":28},"end":{"line":82,"column":1}},"17":{"start":{"line":61,"column":2},"end":{"line":81,"column":3}},"18":{"start":{"line":62,"column":18},"end":{"line":62,"column":58}},"19":{"start":{"line":64,"column":4},"end":{"line":76,"column":5}},"20":{"start":{"line":65,"column":22},"end":{"line":65,"column":64}},"21":{"start":{"line":66,"column":19},"end":{"line":74,"column":8}},"22":{"start":{"line":75,"column":6},"end":{"line":75,"column":32}},"23":{"start":{"line":75,"column":16},"end":{"line":75,"column":32}},"24":{"start":{"line":78,"column":4},"end":{"line":78,"column":11}},"25":{"start":{"line":80,"column":4},"end":{"line":80,"column":11}},"26":{"start":{"line":56,"column":13},"end":{"line":56,"column":28}}},"fnMap":{"0":{"name":"(anonymous_1)","decl":{"start":{"line":10,"column":28},"end":{"line":10,"column":33}},"loc":{"start":{"line":14,"column":4},"end":{"line":54,"column":1}}},"1":{"name":"(anonymous_2)","decl":{"start":{"line":56,"column":28},"end":{"line":56,"column":33}},"loc":{"start":{"line":60,"column":4},"end":{"line":82,"column":1}}}},"branchMap":{"0":{"loc":{"start":{"line":18,"column":4},"end":{"line":23,"column":5}},"type":"if","locations":[{"start":{"line":18,"column":4},"end":{"line":23,"column":5}}]},"1":{"loc":{"start":{"line":39,"column":4},"end":{"line":44,"column":5}},"type":"if","locations":[{"start":{"line":39,"column":4},"end":{"line":44,"column":5}}]},"2":{"loc":{"start":{"line":64,"column":4},"end":{"line":76,"column":5}},"type":"if","locations":[{"start":{"line":64,"column":4},"end":{"line":76,"column":5}}]},"3":{"loc":{"start":{"line":75,"column":6},"end":{"line":75,"column":32}},"type":"if","locations":[{"start":{"line":75,"column":6},"end":{"line":75,"column":32}}]}},"s":{"0":0,"1":0,"2":0,"3":0,"4":0,"5":0,"6":0,"7":0,"8":0,"9":0,"10":0,"11":0,"12":0,"13":0,"14":0,"15":0,"16":0,"17":0,"18":0,"19":0,"20":0,"21":0,"22":0,"23":0,"24":0,"25":0,"26":0},"f":{"0":0,"1":0},"b":{"0":[0],"1":[0],"2":[0],"3":[0]}}
,"/a0/usr/workdir/projetos/fincontrol/apps/api/src/middleware/errorHandler.ts": {"path":"/a0/usr/workdir/projetos/fincontrol/apps/api/src/middleware/errorHandler.ts","statementMap":{"0":{"start":{"line":8,"column":4},"end":{"line":8,"column":19}},"1":{"start":{"line":9,"column":4},"end":{"line":9,"column":33}},"2":{"start":{"line":10,"column":4},"end":{"line":10,"column":30}},"3":{"start":{"line":11,"column":4},"end":{"line":11,"column":52}},"4":{"start":{"line":3,"column":0},"end":{"line":3,"column":13}},"5":{"start":{"line":15,"column":28},"end":{"line":69,"column":1}},"6":{"start":{"line":21,"column":2},"end":{"line":21,"column":31}},"7":{"start":{"line":23,"column":2},"end":{"line":28,"column":3}},"8":{"start":{"line":24,"column":4},"end":{"line":27,"column":7}},"9":{"start":{"line":31,"column":2},"end":{"line":45,"column":3}},"10":{"start":{"line":32,"column":24},"end":{"line":32,"column":34}},"11":{"start":{"line":33,"column":4},"end":{"line":38,"column":5}},"12":{"start":{"line":34,"column":6},"end":{"line":37,"column":9}},"13":{"start":{"line":39,"column":4},"end":{"line":44,"column":5}},"14":{"start":{"line":40,"column":6},"end":{"line":43,"column":9}},"15":{"start":{"line":48,"column":2},"end":{"line":53,"column":3}},"16":{"start":{"line":49,"column":4},"end":{"line":52,"column":7}},"17":{"start":{"line":55,"column":2},"end":{"line":60,"column":3}},"18":{"start":{"line":56,"column":4},"end":{"line":59,"column":7}},"19":{"start":{"line":63,"column":2},"end":{"line":68,"column":5}},"20":{"start":{"line":15,"column":13},"end":{"line":15,"column":28}}},"fnMap":{"0":{"name":"(anonymous_0)","decl":{"start":{"line":7,"column":2},"end":{"line":7,"column":14}},"loc":{"start":{"line":7,"column":49},"end":{"line":12,"column":3}}},"1":{"name":"(anonymous_1)","decl":{"start":{"line":15,"column":28},"end":{"line":15,"column":null}},"loc":{"start":{"line":20,"column":4},"end":{"line":69,"column":1}}}},"branchMap":{"0":{"loc":{"start":{"line":23,"column":2},"end":{"line":28,"column":3}},"type":"if","locations":[{"start":{"line":23,"column":2},"end":{"line":28,"column":3}}]},"1":{"loc":{"start":{"line":31,"column":2},"end":{"line":45,"column":3}},"type":"if","locations":[{"start":{"line":31,"column":2},"end":{"line":45,"column":3}}]},"2":{"loc":{"start":{"line":33,"column":4},"end":{"line":38,"column":5}},"type":"if","locations":[{"start":{"line":33,"column":4},"end":{"line":38,"column":5}}]},"3":{"loc":{"start":{"line":39,"column":4},"end":{"line":44,"column":5}},"type":"if","locations":[{"start":{"line":39,"column":4},"end":{"line":44,"column":5}}]},"4":{"loc":{"start":{"line":48,"column":2},"end":{"line":53,"column":3}},"type":"if","locations":[{"start":{"line":48,"column":2},"end":{"line":53,"column":3}}]},"5":{"loc":{"start":{"line":55,"column":2},"end":{"line":60,"column":3}},"type":"if","locations":[{"start":{"line":55,"column":2},"end":{"line":60,"column":3}}]},"6":{"loc":{"start":{"line":65,"column":11},"end":{"line":67,"column":19}},"type":"cond-expr","locations":[{"start":{"line":66,"column":8},"end":{"line":66,"column":31}},{"start":{"line":67,"column":8},"end":{"line":67,"column":19}}]}},"s":{"0":0,"1":0,"2":0,"3":0,"4":0,"5":0,"6":0,"7":0,"8":0,"9":0,"10":0,"11":0,"12":0,"13":0,"14":0,"15":0,"16":0,"17":0,"18":0,"19":0,"20":0},"f":{"0":0,"1":0},"b":{"0":[0],"1":[0],"2":[0],"3":[0],"4":[0],"5":[0],"6":[0,0]}}
,"/a0/usr/workdir/projetos/fincontrol/apps/api/src/middleware/validation.ts": {"path":"/a0/usr/workdir/projetos/fincontrol/apps/api/src/middleware/validation.ts","statementMap":{"0":{"start":{"line":3,"column":24},"end":{"line":16,"column":1}},"1":{"start":{"line":4,"column":2},"end":{"line":15,"column":4}},"2":{"start":{"line":5,"column":22},"end":{"line":5,"column":47}},"3":{"start":{"line":7,"column":4},"end":{"line":12,"column":5}},"4":{"start":{"line":8,"column":6},"end":{"line":11,"column":9}},"5":{"start":{"line":14,"column":4},"end":{"line":14,"column":11}},"6":{"start":{"line":3,"column":13},"end":{"line":3,"column":24}}},"fnMap":{"0":{"name":"(anonymous_0)","decl":{"start":{"line":3,"column":24},"end":{"line":3,"column":25}},"loc":{"start":{"line":3,"column":40},"end":{"line":16,"column":1}}},"1":{"name":"(anonymous_1)","decl":{"start":{"line":4,"column":9},"end":{"line":4,"column":10}},"loc":{"start":{"line":4,"column":61},"end":{"line":15,"column":3}}}},"branchMap":{"0":{"loc":{"start":{"line":7,"column":4},"end":{"line":12,"column":5}},"type":"if","locations":[{"start":{"line":7,"column":4},"end":{"line":12,"column":5}}]}},"s":{"0":0,"1":0,"2":0,"3":0,"4":0,"5":0,"6":0},"f":{"0":0,"1":0},"b":{"0":[0]}}
,"/a0/usr/workdir/projetos/fincontrol/apps/api/src/routes/accountRoutes.ts": {"path":"/a0/usr/workdir/projetos/fincontrol/apps/api/src/routes/accountRoutes.ts","statementMap":{"0":{"start":{"line":1,"column":0},"end":{"line":1,"column":33}},"1":{"start":{"line":2,"column":0},"end":{"line":2,"column":69}},"2":{"start":{"line":3,"column":0},"end":{"line":3,"column":50}},"3":{"start":{"line":5,"column":15},"end":{"line":5,"column":23}},"4":{"start":{"line":7,"column":0},"end":{"line":7,"column":25}},"5":{"start":{"line":9,"column":0},"end":{"line":9,"column":43}},"6":{"start":{"line":10,"column":0},"end":{"line":10,"column":42}},"7":{"start":{"line":11,"column":0},"end":{"line":11,"column":46}},"8":{"start":{"line":12,"column":0},"end":{"line":12,"column":45}},"9":{"start":{"line":13,"column":0},"end":{"line":13,"column":48}},"10":{"start":{"line":15,"column":0},"end":{"line":15,"column":22}}},"fnMap":{},"branchMap":{},"s":{"0":0,"1":0,"2":0,"3":0,"4":0,"5":0,"6":0,"7":0,"8":0,"9":0,"10":0},"f":{},"b":{}}
,"/a0/usr/workdir/projetos/fincontrol/apps/api/src/routes/authRoutes.ts": {"path":"/a0/usr/workdir/projetos/fincontrol/apps/api/src/routes/authRoutes.ts","statementMap":{"0":{"start":{"line":1,"column":0},"end":{"line":1,"column":33}},"1":{"start":{"line":2,"column":0},"end":{"line":2,"column":63}},"2":{"start":{"line":3,"column":0},"end":{"line":3,"column":50}},"3":{"start":{"line":5,"column":15},"end":{"line":5,"column":23}},"4":{"start":{"line":8,"column":0},"end":{"line":8,"column":50}},"5":{"start":{"line":9,"column":0},"end":{"line":9,"column":44}},"6":{"start":{"line":10,"column":0},"end":{"line":10,"column":59}},"7":{"start":{"line":13,"column":0},"end":{"line":13,"column":64}},"8":{"start":{"line":14,"column":0},"end":{"line":14,"column":67}},"9":{"start":{"line":15,"column":0},"end":{"line":15,"column":76}},"10":{"start":{"line":17,"column":0},"end":{"line":17,"column":22}}},"fnMap":{},"branchMap":{},"s":{"0":0,"1":0,"2":0,"3":0,"4":0,"5":0,"6":0,"7":0,"8":0,"9":0,"10":0},"f":{},"b":{}}
,"/a0/usr/workdir/projetos/fincontrol/apps/api/src/routes/budgetRoutes.ts": {"path":"/a0/usr/workdir/projetos/fincontrol/apps/api/src/routes/budgetRoutes.ts","statementMap":{"0":{"start":{"line":1,"column":0},"end":{"line":1,"column":33}},"1":{"start":{"line":2,"column":0},"end":{"line":2,"column":67}},"2":{"start":{"line":3,"column":0},"end":{"line":3,"column":50}},"3":{"start":{"line":5,"column":15},"end":{"line":5,"column":23}},"4":{"start":{"line":7,"column":0},"end":{"line":7,"column":25}},"5":{"start":{"line":9,"column":0},"end":{"line":9,"column":42}},"6":{"start":{"line":10,"column":0},"end":{"line":10,"column":41}},"7":{"start":{"line":11,"column":0},"end":{"line":11,"column":45}},"8":{"start":{"line":12,"column":0},"end":{"line":12,"column":44}},"9":{"start":{"line":13,"column":0},"end":{"line":13,"column":47}},"10":{"start":{"line":15,"column":0},"end":{"line":15,"column":22}}},"fnMap":{},"branchMap":{},"s":{"0":0,"1":0,"2":0,"3":0,"4":0,"5":0,"6":0,"7":0,"8":0,"9":0,"10":0},"f":{},"b":{}}
[...]
olumn":6},"end":{"line":73,"column":71}},"type":"if","locations":[{"start":{"line":73,"column":6},"end":{"line":73,"column":71}}]},"11":{"loc":{"start":{"line":74,"column":6},"end":{"line":74,"column":67}},"type":"if","locations":[{"start":{"line":74,"column":6},"end":{"line":74,"column":67}}]},"12":{"loc":{"start":{"line":106,"column":4},"end":{"line":108,"column":5}},"type":"if","locations":[{"start":{"line":106,"column":4},"end":{"line":108,"column":5}}]},"13":{"loc":{"start":{"line":117,"column":29},"end":{"line":117,"column":92}},"type":"cond-expr","locations":[{"start":{"line":117,"column":58},"end":{"line":117,"column":74}},{"start":{"line":117,"column":77},"end":{"line":117,"column":92}}]},"14":{"loc":{"start":{"line":124,"column":20},"end":{"line":124,"column":46}},"type":"binary-expr","locations":[{"start":{"line":124,"column":20},"end":{"line":124,"column":29}},{"start":{"line":124,"column":33},"end":{"line":124,"column":46}}]},"15":{"loc":{"start":{"line":125,"column":22},"end":{"line":125,"column":52}},"type":"binary-expr","locations":[{"start":{"line":125,"column":22},"end":{"line":125,"column":33}},{"start":{"line":125,"column":37},"end":{"line":125,"column":52}}]},"16":{"loc":{"start":{"line":126,"column":25},"end":{"line":126,"column":61}},"type":"binary-expr","locations":[{"start":{"line":126,"column":25},"end":{"line":126,"column":39}},{"start":{"line":126,"column":43},"end":{"line":126,"column":61}}]},"17":{"loc":{"start":{"line":127,"column":29},"end":{"line":127,"column":74}},"type":"cond-expr","locations":[{"start":{"line":127,"column":52},"end":{"line":127,"column":61}},{"start":{"line":127,"column":64},"end":{"line":127,"column":74}}]},"18":{"loc":{"start":{"line":144,"column":14},"end":{"line":144,"column":29}},"type":"binary-expr","locations":[{"start":{"line":144,"column":14},"end":{"line":144,"column":23}},{"start":{"line":144,"column":27},"end":{"line":144,"column":29}}]},"19":{"loc":{"start":{"line":159,"column":26},"end":{"line":159,"column":98}},"type":"cond-expr","locations":[{"start":{"line":159,"column":58},"end":{"line":159,"column":77}},{"start":{"line":159,"column":80},"end":{"line":159,"column":98}}]},"20":{"loc":{"start":{"line":174,"column":4},"end":{"line":178,"column":5}},"type":"if","locations":[{"start":{"line":174,"column":4},"end":{"line":178,"column":5}}]},"21":{"loc":{"start":{"line":174,"column":8},"end":{"line":174,"column":28}},"type":"binary-expr","locations":[{"start":{"line":174,"column":8},"end":{"line":174,"column":17}},{"start":{"line":174,"column":21},"end":{"line":174,"column":28}}]},"22":{"loc":{"start":{"line":176,"column":6},"end":{"line":176,"column":59}},"type":"if","locations":[{"start":{"line":176,"column":6},"end":{"line":176,"column":59}}]},"23":{"loc":{"start":{"line":177,"column":6},"end":{"line":177,"column":55}},"type":"if","locations":[{"start":{"line":177,"column":6},"end":{"line":177,"column":55}}]},"24":{"loc":{"start":{"line":191,"column":24},"end":{"line":191,"column":47}},"type":"binary-expr","locations":[{"start":{"line":191,"column":24},"end":{"line":191,"column":42}},{"start":{"line":191,"column":46},"end":{"line":191,"column":47}}]},"25":{"loc":{"start":{"line":192,"column":25},"end":{"line":192,"column":49}},"type":"binary-expr","locations":[{"start":{"line":192,"column":25},"end":{"line":192,"column":44}},{"start":{"line":192,"column":48},"end":{"line":192,"column":49}}]}},"s":{"0":0,"1":0,"2":0,"3":0,"4":0,"5":0,"6":0,"7":0,"8":0,"9":0,"10":0,"11":0,"12":0,"13":0,"14":0,"15":0,"16":0,"17":0,"18":0,"19":0,"20":0,"21":0,"22":0,"23":0,"24":0,"25":0,"26":0,"27":0,"28":0,"29":0,"30":0,"31":0,"32":0,"33":0,"34":0,"35":0,"36":0,"37":0,"38":0,"39":0,"40":0,"41":0,"42":0,"43":0,"44":0,"45":0,"46":0,"47":0,"48":0,"49":0,"50":0,"51":0,"52":0,"53":0,"54":0,"55":0,"56":0,"57":0},"f":{"0":0,"1":0,"2":0,"3":0,"4":0,"5":0},"b":{"0":[0],"1":[0,0],"2":[0,0],"3":[0,0],"4":[0,0],"5":[0],"6":[0],"7":[0],"8":[0],"9":[0,0],"10":[0],"11":[0],"12":[0],"13":[0,0],"14":[0,0],"15":[0,0],"16":[0,0],"17":[0,0],"18":[0,0],"19":[0,0],"20":[0],"21":[0,0],"22":[0],"23":[0],"24":[0,0],"25":[0,0]}}
,"/a0/usr/workdir/projetos/fincontrol/apps/api/src/services/userService.ts": {"path":"/a0/usr/workdir/projetos/fincontrol/apps/api/src/services/userService.ts","statementMap":{"0":{"start":{"line":1,"column":0},"end":{"line":1,"column":42}},"1":{"start":{"line":2,"column":0},"end":{"line":2,"column":54}},"2":{"start":{"line":4,"column":13},"end":{"line":87,"column":2}},"3":{"start":{"line":6,"column":17},"end":{"line":18,"column":6}},"4":{"start":{"line":20,"column":4},"end":{"line":22,"column":5}},"5":{"start":{"line":21,"column":6},"end":{"line":21,"column":48}},"6":{"start":{"line":24,"column":4},"end":{"line":24,"column":16}},"7":{"start":{"line":28,"column":17},"end":{"line":28,"column":32}},"8":{"start":{"line":29,"column":18},"end":{"line":29,"column":35}},"9":{"start":{"line":30,"column":17},"end":{"line":30,"column":35}},"10":{"start":{"line":32,"column":18},"end":{"line":40,"column":10}},"11":{"start":{"line":42,"column":27},"end":{"line":58,"column":6}},"12":{"start":{"line":60,"column":4},"end":{"line":60,"column":41}},"13":{"start":{"line":64,"column":17},"end":{"line":74,"column":6}},"14":{"start":{"line":76,"column":4},"end":{"line":76,"column":16}},"15":{"start":{"line":80,"column":4},"end":{"line":83,"column":7}},"16":{"start":{"line":85,"column":4},"end":{"line":85,"column":55}}},"fnMap":{"0":{"name":"(anonymous_0)","decl":{"start":{"line":5,"column":2},"end":{"line":5,"column":7}},"loc":{"start":{"line":5,"column":27},"end":{"line":25,"column":3}}},"1":{"name":"(anonymous_1)","decl":{"start":{"line":27,"column":2},"end":{"line":27,"column":7}},"loc":{"start":{"line":27,"column":73},"end":{"line":61,"column":3}}},"2":{"name":"(anonymous_2)","decl":{"start":{"line":63,"column":2},"end":{"line":63,"column":7}},"loc":{"start":{"line":63,"column":54},"end":{"line":77,"column":3}}},"3":{"name":"(anonymous_3)","decl":{"start":{"line":79,"column":2},"end":{"line":79,"column":7}},"loc":{"start":{"line":79,"column":36},"end":{"line":86,"column":3}}}},"branchMap":{"0":{"loc":{"start":{"line":20,"column":4},"end":{"line":22,"column":5}},"type":"if","locations":[{"start":{"line":20,"column":4},"end":{"line":22,"column":5}}]},"1":{"loc":{"start":{"line":28,"column":17},"end":{"line":28,"column":32}},"type":"binary-expr","locations":[{"start":{"line":28,"column":17},"end":{"line":28,"column":27}},{"start":{"line":28,"column":31},"end":{"line":28,"column":32}}]},"2":{"loc":{"start":{"line":29,"column":18},"end":{"line":29,"column":35}},"type":"binary-expr","locations":[{"start":{"line":29,"column":18},"end":{"line":29,"column":29}},{"start":{"line":29,"column":33},"end":{"line":29,"column":35}}]},"3":{"loc":{"start":{"line":32,"column":18},"end":{"line":40,"column":10}},"type":"cond-expr","locations":[{"start":{"line":33,"column":8},"end":{"line":39,"column":null}},{"start":{"line":40,"column":8},"end":{"line":40,"column":10}}]}},"s":{"0":0,"1":0,"2":0,"3":0,"4":0,"5":0,"6":0,"7":0,"8":0,"9":0,"10":0,"11":0,"12":0,"13":0,"14":0,"15":0,"16":0},"f":{"0":0,"1":0,"2":0,"3":0},"b":{"0":[0],"1":[0,0],"2":[0,0],"3":[0,0]}}
,"/a0/usr/workdir/projetos/fincontrol/apps/api/src/services/workspaceService.ts": {"path":"/a0/usr/workdir/projetos/fincontrol/apps/api/src/services/workspaceService.ts","statementMap":{"0":{"start":{"line":1,"column":0},"end":{"line":1,"column":42}},"1":{"start":{"line":2,"column":0},"end":{"line":2,"column":54}},"2":{"start":{"line":12,"column":13},"end":{"line":234,"column":2}},"3":{"start":{"line":14,"column":17},"end":{"line":14,"column":120}},"4":{"start":{"line":16,"column":22},"end":{"line":25,"column":6}},"5":{"start":{"line":27,"column":4},"end":{"line":33,"column":7}},"6":{"start":{"line":36,"column":30},"end":{"line":45,"column":6}},"7":{"start":{"line":47,"column":4},"end":{"line":58,"column":5}},"8":{"start":{"line":48,"column":6},"end":{"line":57,"column":9}},"9":{"start":{"line":60,"column":4},"end":{"line":60,"column":21}},"10":{"start":{"line":64,"column":19},"end":{"line":88,"column":6}},"11":{"start":{"line":90,"column":4},"end":{"line":92,"column":5}},"12":{"start":{"line":91,"column":6},"end":{"line":91,"column":70}},"13":{"start":{"line":94,"column":4},"end":{"line":94,"column":28}},"14":{"start":{"line":98,"column":24},"end":{"line":104,"column":6}},"15":{"start":{"line":106,"column":4},"end":{"line":109,"column":8}},"16":{"start":{"line":106,"column":33},"end":{"line":109,"column":6}},"17":{"start":{"line":113,"column":19},"end":{"line":119,"column":6}},"18":{"start":{"line":121,"column":4},"end":{"line":123,"column":5}},"19":{"start":{"line":122,"column":6},"end":{"line":122,"column":47}},"20":{"start":{"line":125,"column":22},"end":{"line":133,"column":6}},"21":{"start":{"line":135,"column":4},"end":{"line":135,"column":21}},"22":{"start":{"line":139,"column":19},"end":{"line":145,"column":6}},"23":{"start":{"line":147,"column":4},"end":{"line":149,"column":5}},"24":{"start":{"line":148,"column":6},"end":{"line":148,"column":65}},"25":{"start":{"line":151,"column":4},"end":{"line":153,"column":7}},"26":{"start":{"line":155,"column":4},"end":{"line":155,"column":57}},"27":{"start":{"line":159,"column":20},"end":{"line":165,"column":6}},"28":{"start":{"line":167,"column":4},"end":{"line":169,"column":5}},"29":{"start":{"line":168,"column":6},"end":{"line":168,"column":47}},"30":{"start":{"line":171,"column":24},"end":{"line":173,"column":6}},"31":{"start":{"line":175,"column":4},"end":{"line":177,"column":5}},"32":{"start":{"line":176,"column":6},"end":{"line":176,"column":48}},"33":{"start":{"line":179,"column":27},"end":{"line":184,"column":6}},"34":{"start":{"line":186,"column":4},"end":{"line":188,"column":5}},"35":{"start":{"line":187,"column":6},"end":{"line":187,"column":58}},"36":{"start":{"line":190,"column":19},"end":{"line":207,"column":6}},"37":{"start":{"line":209,"column":4},"end":{"line":209,"column":18}},"38":{"start":{"line":213,"column":22},"end":{"line":219,"column":6}},"39":{"start":{"line":221,"column":4},"end":{"line":223,"column":5}},"40":{"start":{"line":222,"column":6},"end":{"line":222,"column":47}},"41":{"start":{"line":225,"column":4},"end":{"line":230,"column":7}},"42":{"start":{"line":232,"column":4},"end":{"line":232,"column":54}}},"fnMap":{"0":{"name":"(anonymous_0)","decl":{"start":{"line":13,"column":2},"end":{"line":13,"column":7}},"loc":{"start":{"line":13,"column":56},"end":{"line":61,"column":3}}},"1":{"name":"(anonymous_1)","decl":{"start":{"line":63,"column":2},"end":{"line":63,"column":7}},"loc":{"start":{"line":63,"column":52},"end":{"line":95,"column":3}}},"2":{"name":"(anonymous_2)","decl":{"start":{"line":97,"column":2},"end":{"line":97,"column":7}},"loc":{"start":{"line":97,"column":33},"end":{"line":110,"column":3}}},"3":{"name":"(anonymous_3)","decl":{"start":{"line":106,"column":27},"end":{"line":106,"column":28}},"loc":{"start":{"line":106,"column":33},"end":{"line":109,"column":6}}},"4":{"name":"(anonymous_4)","decl":{"start":{"line":112,"column":2},"end":{"line":112,"column":7}},"loc":{"start":{"line":112,"column":86},"end":{"line":136,"column":3}}},"5":{"name":"(anonymous_5)","decl":{"start":{"line":138,"column":2},"end":{"line":138,"column":7}},"loc":{"start":{"line":138,"column":50},"end":{"line":156,"column":3}}},"6":{"name":"(anonymous_6)","decl":{"start":{"line":158,"column":2},"end":{"line":158,"column":7}},"loc":{"start":{"line":158,"column":85},"end":{"line":210,"column":3}}},"7":{"name":"(anonymous_7)","decl":{"start":{"line":212,"column":2},"end":{"line":212,"column":7}},"loc":{"start":{"line":212,"column":78},"end":{"line":233,"column":3}}}},"branchMap":{"0":{"loc":{"start":{"line":22,"column":18},"end":{"line":22,"column":40}},"type":"binary-expr","locations":[{"start":{"line":22,"column":18},"end":{"line":22,"column":31}},{"start":{"line":22,"column":35},"end":{"line":22,"column":40}}]},"1":{"loc":{"start":{"line":23,"column":18},"end":{"line":23,"column":54}},"type":"binary-expr","locations":[{"start":{"line":23,"column":18},"end":{"line":23,"column":31}},{"start":{"line":23,"column":35},"end":{"line":23,"column":54}}]},"2":{"loc":{"start":{"line":90,"column":4},"end":{"line":92,"column":5}},"type":"if","locations":[{"start":{"line":90,"column":4},"end":{"line":92,"column":5}}]},"3":{"loc":{"start":{"line":121,"column":4},"end":{"line":123,"column":5}},"type":"if","locations":[{"start":{"line":121,"column":4},"end":{"line":123,"column":5}}]},"4":{"loc":{"start":{"line":147,"column":4},"end":{"line":149,"column":5}},"type":"if","locations":[{"start":{"line":147,"column":4},"end":{"line":149,"column":5}}]},"5":{"loc":{"start":{"line":167,"column":4},"end":{"line":169,"column":5}},"type":"if","locations":[{"start":{"line":167,"column":4},"end":{"line":169,"column":5}}]},"6":{"loc":{"start":{"line":175,"column":4},"end":{"line":177,"column":5}},"type":"if","locations":[{"start":{"line":175,"column":4},"end":{"line":177,"column":5}}]},"7":{"loc":{"start":{"line":186,"column":4},"end":{"line":188,"column":5}},"type":"if","locations":[{"start":{"line":186,"column":4},"end":{"line":188,"column":5}}]},"8":{"loc":{"start":{"line":194,"column":14},"end":{"line":194,"column":30}},"type":"binary-expr","locations":[{"start":{"line":194,"column":14},"end":{"line":194,"column":18}},{"start":{"line":194,"column":22},"end":{"line":194,"column":30}}]},"9":{"loc":{"start":{"line":221,"column":4},"end":{"line":223,"column":5}},"type":"if","locations":[{"start":{"line":221,"column":4},"end":{"line":223,"column":5}}]}},"s":{"0":0,"1":0,"2":0,"3":0,"4":0,"5":0,"6":0,"7":0,"8":0,"9":0,"10":0,"11":0,"12":0,"13":0,"14":0,"15":0,"16":0,"17":0,"18":0,"19":0,"20":0,"21":0,"22":0,"23":0,"24":0,"25":0,"26":0,"27":0,"28":0,"29":0,"30":0,"31":0,"32":0,"33":0,"34":0,"35":0,"36":0,"37":0,"38":0,"39":0,"40":0,"41":0,"42":0},"f":{"0":0,"1":0,"2":0,"3":0,"4":0,"5":0,"6":0,"7":0},"b":{"0":[0,0],"1":[0,0],"2":[0],"3":[0],"4":[0],"5":[0],"6":[0],"7":[0],"8":[0,0],"9":[0]}}
,"/a0/usr/workdir/projetos/fincontrol/apps/api/src/utils/password.ts": {"path":"/a0/usr/workdir/projetos/fincontrol/apps/api/src/utils/password.ts","statementMap":{"0":{"start":{"line":1,"column":0},"end":{"line":1,"column":30}},"1":{"start":{"line":2,"column":0},"end":{"line":2,"column":46}},"2":{"start":{"line":4,"column":28},"end":{"line":6,"column":1}},"3":{"start":{"line":5,"column":2},"end":{"line":5,"column":56}},"4":{"start":{"line":4,"column":13},"end":{"line":4,"column":28}},"5":{"start":{"line":8,"column":31},"end":{"line":13,"column":1}},"6":{"start":{"line":12,"column":2},"end":{"line":12,"column":50}},"7":{"start":{"line":8,"column":13},"end":{"line":8,"column":31}},"8":{"start":{"line":15,"column":38},"end":{"line":22,"column":1}},"9":{"start":{"line":16,"column":18},"end":{"line":16,"column":90}},"10":{"start":{"line":17,"column":17},"end":{"line":17,"column":19}},"11":{"start":{"line":18,"column":2},"end":{"line":20,"column":3}},"12":{"start":{"line":18,"column":15},"end":{"line":18,"column":16}},"13":{"start":{"line":19,"column":4},"end":{"line":19,"column":75}},"14":{"start":{"line":21,"column":2},"end":{"line":21,"column":18}},"15":{"start":{"line":15,"column":13},"end":{"line":15,"column":38}}},"fnMap":{"0":{"name":"(anonymous_1)","decl":{"start":{"line":4,"column":28},"end":{"line":4,"column":33}},"loc":{"start":{"line":4,"column":72},"end":{"line":6,"column":1}}},"1":{"name":"(anonymous_2)","decl":{"start":{"line":8,"column":31},"end":{"line":8,"column":36}},"loc":{"start":{"line":11,"column":22},"end":{"line":13,"column":1}}},"2":{"name":"(anonymous_3)","decl":{"start":{"line":15,"column":38},"end":{"line":15,"column":39}},"loc":{"start":{"line":15,"column":70},"end":{"line":22,"column":1}}}},"branchMap":{"0":{"loc":{"start":{"line":15,"column":39},"end":{"line":15,"column":58}},"type":"default-arg","locations":[{"start":{"line":15,"column":56},"end":{"line":15,"column":58}}]}},"s":{"0":0,"1":0,"2":0,"3":0,"4":0,"5":0,"6":0,"7":0,"8":0,"9":0,"10":0,"11":0,"12":0,"13":0,"14":0,"15":0},"f":{"0":0,"1":0,"2":0},"b":{"0":[0]}}
,"/a0/usr/workdir/projetos/fincontrol/apps/api/src/utils/response.ts": {"path":"/a0/usr/workdir/projetos/fincontrol/apps/api/src/utils/response.ts","statementMap":{"0":{"start":{"line":1,"column":31},"end":{"line":5,"column":2}},"1":{"start":{"line":1,"column":65},"end":{"line":5,"column":2}},"2":{"start":{"line":1,"column":13},"end":{"line":1,"column":31}},"3":{"start":{"line":7,"column":29},"end":{"line":11,"column":2}},"4":{"start":{"line":7,"column":64},"end":{"line":11,"column":2}},"5":{"start":{"line":7,"column":13},"end":{"line":7,"column":29}},"6":{"start":{"line":13,"column":33},"end":{"line":25,"column":2}},"7":{"start":{"line":16,"column":6},"end":{"line":25,"column":2}},"8":{"start":{"line":13,"column":13},"end":{"line":13,"column":33}}},"fnMap":{"0":{"name":"(anonymous_0)","decl":{"start":{"line":1,"column":31},"end":{"line":1,"column":32}},"loc":{"start":{"line":1,"column":65},"end":{"line":5,"column":2}}},"1":{"name":"(anonymous_1)","decl":{"start":{"line":7,"column":29},"end":{"line":7,"column":30}},"loc":{"start":{"line":7,"column":64},"end":{"line":11,"column":2}}},"2":{"name":"(anonymous_2)","decl":{"start":{"line":13,"column":33},"end":{"line":13,"column":null}},"loc":{"start":{"line":16,"column":6},"end":{"line":25,"column":2}}}},"branchMap":{},"s":{"0":0,"1":0,"2":0,"3":0,"4":0,"5":0,"6":0,"7":0,"8":0},"f":{"0":0,"1":0,"2":0},"b":{}}
,"/a0/usr/workdir/projetos/fincontrol/apps/api/src/utils/token.ts": {"path":"/a0/usr/workdir/projetos/fincontrol/apps/api/src/utils/token.ts","statementMap":{"0":{"start":{"line":1,"column":0},"end":{"line":1,"column":31}},"1":{"start":{"line":3,"column":19},"end":{"line":3,"column":93}},"2":{"start":{"line":4,"column":27},"end":{"line":4,"column":86}},"3":{"start":{"line":6,"column":35},"end":{"line":10,"column":1}},"4":{"start":{"line":7,"column":2},"end":{"line":9,"column":24}},"5":{"start":{"line":6,"column":13},"end":{"line":6,"column":35}},"6":{"start":{"line":12,"column":36},"end":{"line":16,"column":1}},"7":{"start":{"line":13,"column":2},"end":{"line":15,"column":24}},"8":{"start":{"line":12,"column":13},"end":{"line":12,"column":36}},"9":{"start":{"line":18,"column":33},"end":{"line":20,"column":1}},"10":{"start":{"line":19,"column":2},"end":{"line":19,"column":39}},"11":{"start":{"line":18,"column":13},"end":{"line":18,"column":33}},"12":{"start":{"line":22,"column":34},"end":{"line":24,"column":1}},"13":{"start":{"line":23,"column":2},"end":{"line":23,"column":47}},"14":{"start":{"line":22,"column":13},"end":{"line":22,"column":34}}},"fnMap":{"0":{"name":"(anonymous_1)","decl":{"start":{"line":6,"column":35},"end":{"line":6,"column":36}},"loc":{"start":{"line":6,"column":62},"end":{"line":10,"column":1}}},"1":{"name":"(anonymous_2)","decl":{"start":{"line":12,"column":36},"end":{"line":12,"column":37}},"loc":{"start":{"line":12,"column":63},"end":{"line":16,"column":1}}},"2":{"name":"(anonymous_3)","decl":{"start":{"line":18,"column":33},"end":{"line":18,"column":34}},"loc":{"start":{"line":18,"column":56},"end":{"line":20,"column":1}}},"3":{"name":"(anonymous_4)","decl":{"start":{"line":22,"column":34},"end":{"line":22,"column":35}},"loc":{"start":{"line":22,"column":57},"end":{"line":24,"column":1}}}},"branchMap":{"0":{"loc":{"start":{"line":3,"column":19},"end":{"line":3,"column":93}},"type":"binary-expr","locations":[{"start":{"line":3,"column":19},"end":{"line":3,"column":41}},{"start":{"line":3,"column":45},"end":{"line":3,"column":93}}]},"1":{"loc":{"start":{"line":4,"column":27},"end":{"line":4,"column":86}},"type":"binary-expr","locations":[{"start":{"line":4,"column":27},"end":{"line":4,"column":57}},{"start":{"line":4,"column":61},"end":{"line":4,"column":86}}]}},"s":{"0":0,"1":0,"2":0,"3":0,"4":0,"5":0,"6":0,"7":0,"8":0,"9":0,"10":0,"11":0,"12":0,"13":0,"14":0},"f":{"0":0,"1":0,"2":0,"3":0},"b":{"0":[0,0],"1":[0,0]}}
}
