TN:
SF:src/index.ts
FN:34,(anonymous_1)
FN:55,(anonymous_2)
FN:66,(anonymous_3)
FNF:3
FNH:0
FNDA:0,(anonymous_1)
FNDA:0,(anonymous_2)
FNDA:0,(anonymous_3)
DA:1,0
DA:2,0
DA:3,0
DA:4,0
DA:5,0
DA:7,0
DA:8,0
DA:11,0
DA:12,0
DA:13,0
DA:14,0
DA:15,0
DA:16,0
DA:17,0
DA:18,0
DA:19,0
DA:21,0
DA:23,0
DA:24,0
DA:27,0
DA:28,0
DA:29,0
DA:30,0
DA:31,0
DA:34,0
DA:35,0
DA:44,0
DA:45,0
DA:46,0
DA:47,0
DA:48,0
DA:49,0
DA:50,0
DA:51,0
DA:52,0
DA:55,0
DA:56,0
DA:63,0
DA:66,0
DA:67,0
DA:68,0
DA:69,0
DA:70,0
DA:71,0
DA:72,0
DA:73,0
DA:76,0
LF:47
LH:0
BRDA:24,0,0,0
BRDA:24,0,1,0
BRF:2
BRH:0
end_of_record
TN:
SF:src/server.ts
FN:21,(anonymous_1)
FN:25,(anonymous_2)
FN:32,(anonymous_3)
FNF:3
FNH:2
FNDA:1,(anonymous_1)
FNDA:1,(anonymous_2)
FNDA:0,(anonymous_3)
DA:1,3
DA:2,3
DA:3,3
DA:4,3
DA:5,3
DA:7,3
DA:9,3
DA:11,3
DA:12,3
DA:13,3
DA:15,3
DA:19,3
DA:21,3
DA:22,1
DA:25,3
DA:26,1
DA:30,3
DA:31,0
DA:32,0
DA:33,0
DA:37,3
LF:21
LH:18
BRDA:30,0,0,0
BRDA:31,1,0,0
BRDA:31,1,1,0
BRF:3
BRH:0
end_of_record
TN:
SF:src/config/auth.ts
FNF:0
FNH:0
DA:1,0
DA:8,0
LF:2
LH:0
BRDA:2,0,0,0
BRDA:2,0,1,0
BRDA:3,1,0,0
BRDA:3,1,1,0
BRF:4
BRH:0
end_of_record
TN:
SF:src/config/cors.ts
FNF:0
FNH:0
DA:1,0
LF:1
LH:0
BRDA:2,0,0,0
BRDA:2,0,1,0
BRDA:3,1,0,0
BRDA:3,1,1,0
BRF:4
BRH:0
end_of_record
TN:
SF:src/config/prisma.ts
FNF:0
FNH:0
DA:1,0
DA:3,0
DA:5,0
DA:9,0
DA:11,0
LF:5
LH:0
BRDA:5,0,0,0
BRDA:5,0,1,0
BRDA:6,1,0,0
BRDA:6,1,1,0
BRDA:9,2,0,0
BRF:5
BRH:0
end_of_record
TN:
SF:src/controllers/accountController.ts
FN:11,(anonymous_0)
FN:45,(anonymous_1)
FN:64,(anonymous_2)
FN:84,(anonymous_3)
FN:113,(anonymous_4)
FNF:5
FNH:0
FNDA:0,(anonymous_0)
FNDA:0,(anonymous_1)
FNDA:0,(anonymous_2)
FNDA:0,(anonymous_3)
FNDA:0,(anonymous_4)
DA:2,0
DA:3,0
DA:10,0
DA:12,0
DA:13,0
DA:15,0
DA:16,0
DA:19,0
DA:21,0
DA:22,0
DA:25,0
DA:35,0
DA:41,0
DA:46,0
DA:47,0
DA:49,0
DA:50,0
DA:53,0
DA:55,0
DA:60,0
DA:65,0
DA:66,0
DA:67,0
DA:69,0
DA:70,0
DA:73,0
DA:75,0
DA:80,0
DA:85,0
DA:86,0
DA:87,0
DA:89,0
DA:90,0
DA:93,0
DA:95,0
DA:103,0
DA:109,0
DA:114,0
DA:115,0
DA:116,0
DA:118,0
DA:119,0
DA:122,0
DA:124,0
DA:129,0
LF:45
LH:0
BRDA:15,0,0,0
BRDA:21,1,0,0
BRDA:21,2,0,0
BRDA:21,2,1,0
BRDA:49,3,0,0
BRDA:69,4,0,0
BRDA:89,5,0,0
BRDA:118,6,0,0
BRF:8
BRH:0
end_of_record
TN:
SF:src/controllers/authController.ts
FN:10,(anonymous_0)
FN:35,(anonymous_1)
FN:55,(anonymous_2)
FN:75,(anonymous_3)
FN:94,(anonymous_4)
FN:115,(anonymous_5)
FNF:6
FNH:0
FNDA:0,(anonymous_0)
FNDA:0,(anonymous_1)
FNDA:0,(anonymous_2)
FNDA:0,(anonymous_3)
FNDA:0,(anonymous_4)
FNDA:0,(anonymous_5)
DA:2,0
DA:3,0
DA:9,0
DA:11,0
DA:12,0
DA:14,0
DA:15,0
DA:18,0
DA:25,0
DA:31,0
DA:36,0
DA:37,0
DA:39,0
DA:40,0
DA:43,0
DA:45,0
DA:51,0
DA:56,0
DA:57,0
DA:59,0
DA:60,0
DA:65,0
DA:71,0
DA:76,0
DA:77,0
DA:79,0
DA:80,0
DA:83,0
DA:85,0
DA:90,0
DA:95,0
DA:96,0
DA:98,0
DA:99,0
DA:102,0
DA:103,0
DA:105,0
DA:111,0
DA:116,0
DA:117,0
DA:119,0
DA:120,0
DA:123,0
DA:125,0
DA:126,0
DA:129,0
DA:131,0
DA:136,0
LF:48
LH:0
BRDA:14,0,0,0
BRDA:14,1,0,0
BRDA:14,1,1,0
BRDA:14,1,2,0
BRDA:14,1,3,0
BRDA:39,2,0,0
BRDA:39,3,0,0
BRDA:39,3,1,0
BRDA:59,4,0,0
BRDA:79,5,0,0
BRDA:98,6,0,0
BRDA:119,7,0,0
BRDA:125,8,0,0
BRDA:125,9,0,0
BRDA:125,9,1,0
BRF:15
BRH:0
end_of_record
TN:
SF:src/controllers/budgetController.ts
FN:10,(anonymous_0)
FN:44,(anonymous_1)
FN:63,(anonymous_2)
FN:83,(anonymous_3)
FN:110,(anonymous_4)
FNF:5
FNH:0
FNDA:0,(anonymous_0)
FNDA:0,(anonymous_1)
FNDA:0,(anonymous_2)
FNDA:0,(anonymous_3)
FNDA:0,(anonymous_4)
DA:2,0
DA:3,0
DA:9,0
DA:11,0
DA:12,0
DA:14,0
DA:15,0
DA:18,0
DA:20,0
DA:21,0
DA:24,0
DA:34,0
DA:40,0
DA:45,0
DA:46,0
DA:48,0
DA:49,0
DA:52,0
DA:54,0
DA:59,0
DA:64,0
DA:65,0
DA:66,0
DA:68,0
DA:69,0
DA:72,0
DA:74,0
DA:79,0
DA:84,0
DA:85,0
DA:86,0
DA:88,0
DA:89,0
DA:92,0
DA:94,0
DA:100,0
DA:106,0
DA:111,0
DA:112,0
DA:113,0
DA:115,0
DA:116,0
DA:119,0
DA:121,0
DA:126,0
LF:45
LH:0
BRDA:14,0,0,0
BRDA:20,1,0,0
BRDA:20,2,0,0
BRDA:20,2,1,0
BRDA:20,2,2,0
BRDA:20,2,3,0
BRDA:31,3,0,0
BRDA:31,3,1,0
BRDA:48,4,0,0
BRDA:68,5,0,0
BRDA:88,6,0,0
BRDA:115,7,0,0
BRF:12
BRH:0
end_of_record
TN:
SF:src/controllers/categoryController.ts
FN:10,(anonymous_0)
FN:43,(anonymous_1)
FN:62,(anonymous_2)
FN:82,(anonymous_3)
FN:110,(anonymous_4)
FNF:5
FNH:0
FNDA:0,(anonymous_0)
FNDA:0,(anonymous_1)
FNDA:0,(anonymous_2)
FNDA:0,(anonymous_3)
FNDA:0,(anonymous_4)
DA:2,0
DA:3,0
DA:9,0
DA:11,0
DA:12,0
DA:14,0
DA:15,0
DA:18,0
DA:20,0
DA:21,0
DA:24,0
DA:33,0
DA:39,0
DA:44,0
DA:45,0
DA:47,0
DA:48,0
DA:51,0
DA:53,0
DA:58,0
DA:63,0
DA:64,0
DA:65,0
DA:67,0
DA:68,0
DA:71,0
DA:73,0
DA:78,0
DA:83,0
DA:84,0
DA:85,0
DA:87,0
DA:88,0
DA:91,0
DA:93,0
DA:100,0
DA:106,0
DA:111,0
DA:112,0
DA:113,0
DA:115,0
DA:116,0
DA:119,0
DA:121,0
DA:126,0
LF:45
LH:0
BRDA:14,0,0,0
BRDA:20,1,0,0
BRDA:20,2,0,0
BRDA:20,2,1,0
BRDA:47,3,0,0
BRDA:67,4,0,0
BRDA:87,5,0,0
BRDA:115,6,0,0
BRF:8
BRH:0
end_of_record
TN:
SF:src/controllers/dashboardController.ts
FN:10,(anonymous_0)
FN:29,(anonymous_1)
FN:49,(anonymous_2)
FNF:3
FNH:0
FNDA:0,(anonymous_0)
FNDA:0,(anonymous_1)
FNDA:0,(anonymous_2)
DA:2,0
DA:3,0
DA:9,0
DA:11,0
DA:12,0
DA:14,0
DA:15,0
DA:18,0
DA:20,0
DA:25,0
DA:30,0
DA:31,0
DA:33,0
DA:34,0
DA:37,0
DA:38,0
DA:40,0
DA:45,0
DA:50,0
DA:51,0
DA:52,0
DA:54,0
DA:55,0
DA:58,0
DA:60,0
DA:65,0
LF:26
LH:0
BRDA:14,0,0,0
BRDA:33,1,0,0
BRDA:37,2,0,0
BRDA:37,2,1,0
BRDA:52,3,0,0
BRDA:52,3,1,0
BRDA:54,4,0,0
BRF:7
BRH:0
end_of_record
TN:
SF:src/controllers/goalController.ts
FN:10,(anonymous_0)
FN:46,(anonymous_1)
FN:65,(anonymous_2)
FN:85,(anonymous_3)
FN:117,(anonymous_4)
FN:137,(anonymous_5)
FNF:6
FNH:0
FNDA:0,(anonymous_0)
FNDA:0,(anonymous_1)
FNDA:0,(anonymous_2)
FNDA:0,(anonymous_3)
FNDA:0,(anonymous_4)
FNDA:0,(anonymous_5)
DA:2,0
DA:3,0
DA:9,0
DA:11,0
DA:12,0
DA:14,0
DA:15,0
DA:18,0
DA:20,0
DA:21,0
DA:24,0
DA:36,0
DA:42,0
DA:47,0
DA:48,0
DA:50,0
DA:51,0
DA:54,0
DA:56,0
DA:61,0
DA:66,0
DA:67,0
DA:68,0
DA:70,0
DA:71,0
DA:74,0
DA:76,0
DA:81,0
DA:86,0
DA:87,0
DA:88,0
DA:90,0
DA:91,0
DA:94,0
DA:96,0
DA:107,0
DA:113,0
DA:118,0
DA:119,0
DA:120,0
DA:122,0
DA:123,0
DA:126,0
DA:128,0
DA:133,0
DA:138,0
DA:139,0
DA:140,0
DA:142,0
DA:143,0
DA:146,0
DA:148,0
DA:149,0
DA:152,0
DA:154,0
DA:160,0
LF:56
LH:0
BRDA:14,0,0,0
BRDA:20,1,0,0
BRDA:20,2,0,0
BRDA:20,2,1,0
BRDA:20,2,2,0
BRDA:29,3,0,0
BRDA:29,3,1,0
BRDA:50,4,0,0
BRDA:70,5,0,0
BRDA:90,6,0,0
BRDA:100,7,0,0
BRDA:100,7,1,0
BRDA:122,8,0,0
BRDA:142,9,0,0
BRDA:148,10,0,0
BRDA:148,11,0,0
BRDA:148,11,1,0
BRF:17
BRH:0
end_of_record
TN:
SF:src/controllers/transactionController.ts
FN:10,(anonymous_0)
FN:45,(anonymous_1)
FN:86,(anonymous_2)
FN:106,(anonymous_3)
FN:138,(anonymous_4)
FN:158,(anonymous_5)
FNF:6
FNH:0
FNDA:0,(anonymous_0)
FNDA:0,(anonymous_1)
FNDA:0,(anonymous_2)
FNDA:0,(anonymous_3)
FNDA:0,(anonymous_4)
FNDA:0,(anonymous_5)
DA:2,0
DA:3,0
DA:9,0
DA:11,0
DA:12,0
DA:14,0
DA:15,0
DA:18,0
DA:20,0
DA:21,0
DA:24,0
DA:35,0
DA:41,0
DA:46,0
DA:47,0
DA:49,0
DA:50,0
DA:53,0
DA:54,0
DA:55,0
DA:56,0
DA:57,0
DA:58,0
DA:59,0
DA:61,0
DA:71,0
DA:82,0
DA:87,0
DA:88,0
DA:89,0
DA:91,0
DA:92,0
DA:95,0
DA:97,0
DA:102,0
DA:107,0
DA:108,0
DA:109,0
DA:111,0
DA:112,0
DA:115,0
DA:117,0
DA:128,0
DA:134,0
DA:139,0
DA:140,0
DA:141,0
DA:143,0
DA:144,0
DA:147,0
DA:149,0
DA:154,0
DA:159,0
DA:160,0
DA:162,0
DA:163,0
DA:166,0
DA:167,0
DA:169,0
DA:171,0
DA:176,0
LF:61
LH:0
BRDA:14,0,0,0
BRDA:20,1,0,0
BRDA:20,2,0,0
BRDA:20,2,1,0
BRDA:20,2,2,0
BRDA:20,2,3,0
BRDA:30,3,0,0
BRDA:30,3,1,0
BRDA:49,4,0,0
BRDA:53,5,0,0
BRDA:53,5,1,0
BRDA:54,6,0,0
BRDA:54,6,1,0
BRDA:58,7,0,0
BRDA:58,7,1,0
BRDA:59,8,0,0
BRDA:59,8,1,0
BRDA:91,9,0,0
BRDA:111,10,0,0
BRDA:123,11,0,0
BRDA:123,11,1,0
BRDA:143,12,0,0
BRDA:162,13,0,0
BRDA:166,14,0,0
BRDA:166,14,1,0
BRDA:167,15,0,0
BRDA:167,15,1,0
BRF:27
BRH:0
end_of_record
TN:
SF:src/controllers/userController.ts
FN:10,(anonymous_0)
FN:33,(anonymous_1)
FN:47,(anonymous_2)
FN:73,(anonymous_3)
FNF:4
FNH:0
FNDA:0,(anonymous_0)
FNDA:0,(anonymous_1)
FNDA:0,(anonymous_2)
FNDA:0,(anonymous_3)
DA:2,0
DA:3,0
DA:9,0
DA:11,0
DA:12,0
DA:13,0
DA:14,0
DA:16,0
DA:18,0
DA:29,0
DA:34,0
DA:35,0
DA:36,0
DA:38,0
DA:43,0
DA:48,0
DA:49,0
DA:51,0
DA:52,0
DA:55,0
DA:57,0
DA:58,0
DA:61,0
DA:63,0
DA:69,0
DA:74,0
DA:75,0
DA:77,0
DA:78,0
DA:81,0
DA:83,0
DA:88,0
LF:32
LH:0
BRDA:12,0,0,0
BRDA:12,0,1,0
BRDA:13,1,0,0
BRDA:13,1,1,0
BRDA:51,2,0,0
BRDA:57,3,0,0
BRDA:77,4,0,0
BRF:7
BRH:0
end_of_record
TN:
SF:src/controllers/workspaceController.ts
FN:10,(anonymous_0)
FN:42,(anonymous_1)
FN:61,(anonymous_2)
FN:81,(anonymous_3)
FN:109,(anonymous_4)
FN:129,(anonymous_5)
FN:156,(anonymous_6)
FNF:7
FNH:0
FNDA:0,(anonymous_0)
FNDA:0,(anonymous_1)
FNDA:0,(anonymous_2)
FNDA:0,(anonymous_3)
FNDA:0,(anonymous_4)
FNDA:0,(anonymous_5)
FNDA:0,(anonymous_6)
DA:2,0
DA:3,0
DA:9,0
DA:11,0
DA:12,0
DA:14,0
DA:15,0
DA:18,0
DA:20,0
DA:21,0
DA:24,0
DA:32,0
DA:38,0
DA:43,0
DA:44,0
DA:46,0
DA:47,0
DA:50,0
DA:52,0
DA:57,0
DA:62,0
DA:63,0
DA:64,0
DA:66,0
DA:67,0
DA:70,0
DA:72,0
DA:77,0
DA:82,0
DA:83,0
DA:84,0
DA:86,0
DA:87,0
DA:90,0
DA:92,0
DA:99,0
DA:105,0
DA:110,0
DA:111,0
DA:112,0
DA:114,0
DA:115,0
DA:118,0
DA:120,0
DA:125,0
DA:130,0
DA:131,0
DA:132,0
DA:134,0
DA:135,0
DA:138,0
DA:140,0
DA:141,0
DA:144,0
DA:146,0
DA:152,0
DA:157,0
DA:158,0
DA:159,0
DA:161,0
DA:162,0
DA:165,0
DA:167,0
DA:172,0
LF:64
LH:0
BRDA:14,0,0,0
BRDA:20,1,0,0
BRDA:20,2,0,0
BRDA:20,2,1,0
BRDA:46,3,0,0
BRDA:66,4,0,0
BRDA:86,5,0,0
BRDA:114,6,0,0
BRDA:134,7,0,0
BRDA:140,8,0,0
BRDA:161,9,0,0
BRF:11
BRH:0
end_of_record
TN:
SF:src/middleware/auth.ts
FN:10,(anonymous_1)
FN:56,(anonymous_2)
FNF:2
FNH:0
FNDA:0,(anonymous_1)
FNDA:0,(anonymous_2)
DA:2,0
DA:3,0
DA:4,0
DA:10,0
DA:15,0
DA:16,0
DA:18,0
DA:19,0
DA:25,0
DA:27,0
DA:39,0
DA:40,0
DA:46,0
DA:47,0
DA:49,0
DA:56,0
DA:61,0
DA:62,0
DA:64,0
DA:65,0
DA:66,0
DA:75,0
DA:78,0
DA:80,0
LF:24
LH:0
BRDA:18,0,0,0
BRDA:39,1,0,0
BRDA:64,2,0,0
BRDA:75,3,0,0
BRF:4
BRH:0
end_of_record
TN:
SF:src/middleware/errorHandler.ts
FN:7,(anonymous_0)
FN:15,(anonymous_1)
FNF:2
FNH:0
FNDA:0,(anonymous_0)
FNDA:0,(anonymous_1)
DA:3,0
DA:8,0
DA:9,0
DA:10,0
DA:11,0
DA:15,0
DA:21,0
DA:23,0
DA:24,0
DA:31,0
DA:32,0
DA:33,0
DA:34,0
DA:39,0
DA:40,0
DA:48,0
DA:49,0
DA:55,0
DA:56,0
DA:63,0
LF:20
LH:0
BRDA:23,0,0,0
BRDA:31,1,0,0
BRDA:33,2,0,0
BRDA:39,3,0,0
BRDA:48,4,0,0
BRDA:55,5,0,0
BRDA:65,6,0,0
BRDA:65,6,1,0
BRF:8
BRH:0
end_of_record
TN:
SF:src/middleware/validation.ts
FN:3,(anonymous_0)
FN:4,(anonymous_1)
FNF:2
FNH:0
FNDA:0,(anonymous_0)
FNDA:0,(anonymous_1)
DA:3,0
DA:4,0
DA:5,0
DA:7,0
DA:8,0
DA:14,0
LF:6
LH:0
BRDA:7,0,0,0
BRF:1
BRH:0
end_of_record
TN:
SF:src/routes/accountRoutes.ts
FNF:0
FNH:0
DA:1,0
DA:2,0
DA:3,0
DA:5,0
DA:7,0
DA:9,0
DA:10,0
DA:11,0
DA:12,0
DA:13,0
DA:15,0
LF:11
LH:0
BRF:0
BRH:0
end_of_record
TN:
SF:src/routes/authRoutes.ts
FNF:0
FNH:0
DA:1,0
DA:2,0
DA:3,0
DA:5,0
DA:8,0
DA:9,0
DA:10,0
DA:13,0
DA:14,0
DA:15,0
DA:17,0
LF:11
LH:0
BRF:0
BRH:0
end_of_record
TN:
SF:src/routes/budgetRoutes.ts
FNF:0
FNH:0
DA:1,0
DA:2,0
DA:3,0
DA:5,0
DA:7,0
DA:9,0
DA:10,0
DA:11,0
DA:12,0
DA:13,0
DA:15,0
LF:11
LH:0
BRF:0
BRH:0
end_of_record
TN:
SF:src/routes/categoryRoutes.ts
FNF:0
FNH:0
DA:1,0
DA:2,0
DA:3,0
DA:5,0
DA:7,0
DA:9,0
DA:10,0
DA:11,0
DA:12,0
DA:13,0
DA:15,0
LF:11
LH:0
BRF:0
BRH:0
end_of_record
TN:
SF:src/routes/dashboardRoutes.ts
FNF:0
FNH:0
DA:1,0
DA:2,0
DA:3,0
DA:5,0
DA:7,0
DA:9,0
DA:10,0
DA:11,0
DA:13,0
LF:9
LH:0
BRF:0
BRH:0
end_of_record
TN:
SF:src/routes/goalRoutes.ts
FNF:0
FNH:0
DA:1,0
DA:2,0
DA:3,0
DA:5,0
DA:7,0
DA:9,0
DA:10,0
DA:11,0
DA:12,0
DA:13,0
DA:14,0
DA:16,0
LF:12
LH:0
BRF:0
BRH:0
end_of_record
TN:
SF:src/routes/transactionRoutes.ts
FNF:0
FNH:0
DA:1,0
DA:2,0
DA:3,0
DA:5,0
DA:7,0
DA:9,0
DA:10,0
DA:11,0
DA:12,0
DA:13,0
DA:14,0
DA:16,0
LF:12
LH:0
BRF:0
BRH:0
end_of_record
TN:
SF:src/routes/userRoutes.ts
FNF:0
FNH:0
DA:1,0
DA:2,0
DA:3,0
DA:5,0
DA:7,0
DA:9,0
DA:10,0
DA:11,0
DA:12,0
DA:14,0
LF:10
LH:0
BRF:0
BRH:0
end_of_record
TN:
SF:src/routes/workspaceRoutes.ts
FNF:0
FNH:0
DA:1,0
DA:2,0
DA:3,0
DA:5,0
DA:7,0
DA:9,0
DA:10,0
DA:11,0
DA:12,0
DA:13,0
DA:14,0
DA:15,0
DA:17,0
LF:13
LH:0
BRF:0
BRH:0
end_of_record
TN:
SF:src/services/accountService.ts
FN:15,(anonymous_0)
FN:33,(anonymous_1)
FN:46,(anonymous_2)
FN:61,(anonymous_3)
FN:83,(anonymous_4)
FN:98,(anonymous_5)
FNF:6
FNH:0
FNDA:0,(anonymous_0)
FNDA:0,(anonymous_1)
FNDA:0,(anonymous_2)
FNDA:0,(anonymous_3)
FNDA:0,(anonymous_4)
FNDA:0,(anonymous_5)
DA:1,0
DA:2,0
DA:14,0
DA:16,0
DA:30,0
DA:34,0
DA:43,0
DA:47,0
DA:54,0
DA:55,0
DA:58,0
DA:62,0
DA:76,0
DA:77,0
DA:80,0
DA:84,0
DA:95,0
DA:99,0
DA:100,0
LF:19
LH:0
BRDA:23,0,0,0
BRDA:23,0,1,0
BRDA:24,1,0,0
BRDA:24,1,1,0
BRDA:25,2,0,0
BRDA:25,2,1,0
BRDA:26,3,0,0
BRDA:26,3,1,0
BRDA:54,4,0,0
BRDA:76,5,0,0
BRF:10
BRH:0
end_of_record
TN:
SF:src/services/authService.ts
FN:19,(anonymous_0)
FN:74,(anonymous_1)
FN:110,(anonymous_2)
FN:115,(anonymous_3)
FN:136,(anonymous_4)
FN:160,(anonymous_5)
FN:180,(anonymous_6)
FNF:7
FNH:0
FNDA:0,(anonymous_0)
FNDA:0,(anonymous_1)
FNDA:0,(anonymous_2)
FNDA:0,(anonymous_3)
FNDA:0,(anonymous_4)
FNDA:0,(anonymous_5)
FNDA:0,(anonymous_6)
DA:1,0
DA:2,0
DA:3,0
DA:4,0
DA:18,0
DA:20,0
DA:24,0
DA:25,0
DA:28,0
DA:30,0
DA:47,0
DA:56,0
DA:64,0
DA:65,0
DA:67,0
DA:75,0
DA:79,0
DA:80,0
DA:83,0
DA:85,0
DA:86,0
DA:89,0
DA:94,0
DA:99,0
DA:100,0
DA:102,0
DA:110,0
DA:116,0
DA:127,0
DA:128,0
DA:131,0
DA:133,0
DA:137,0
DA:153,0
DA:154,0
DA:157,0
DA:161,0
DA:177,0
DA:181,0
DA:185,0
DA:186,0
DA:189,0
DA:191,0
DA:192,0
DA:195,0
DA:197,0
DA:202,0
LF:47
LH:0
BRDA:24,0,0,0
BRDA:79,1,0,0
BRDA:85,2,0,0
BRDA:127,3,0,0
BRDA:153,4,0,0
BRDA:185,5,0,0
BRDA:191,6,0,0
BRF:7
BRH:0
end_of_record
TN:
SF:src/services/budgetService.ts
FN:15,(anonymous_0)
FN:26,(anonymous_1)
FN:45,(anonymous_2)
FN:64,(anonymous_3)
FN:86,(anonymous_4)
FN:106,(anonymous_5)
FNF:6
FNH:0
FNDA:0,(anonymous_0)
FNDA:0,(anonymous_1)
FNDA:0,(anonymous_2)
FNDA:0,(anonymous_3)
FNDA:0,(anonymous_4)
FNDA:0,(anonymous_5)
DA:1,0
DA:2,0
DA:14,0
DA:16,0
DA:26,0
DA:42,0
DA:46,0
DA:61,0
DA:65,0
DA:79,0
DA:80,0
DA:83,0
DA:87,0
DA:99,0
DA:100,0
DA:103,0
DA:107,0
DA:117,0
LF:18
LH:0
BRDA:24,0,0,0
BRDA:24,0,1,0
BRDA:79,1,0,0
BRDA:99,2,0,0
BRF:4
BRH:0
end_of_record
TN:
SF:src/services/categoryService.ts
FN:14,(anonymous_0)
FN:31,(anonymous_1)
FN:47,(anonymous_2)
FN:66,(anonymous_3)
FN:87,(anonymous_4)
FNF:5
FNH:0
FNDA:0,(anonymous_0)
FNDA:0,(anonymous_1)
FNDA:0,(anonymous_2)
FNDA:0,(anonymous_3)
FNDA:0,(anonymous_4)
DA:1,0
DA:2,0
DA:13,0
DA:15,0
DA:28,0
DA:32,0
DA:44,0
DA:48,0
DA:59,0
DA:60,0
DA:63,0
DA:67,0
DA:80,0
DA:81,0
DA:84,0
DA:88,0
DA:92,0
DA:93,0
DA:96,0
DA:106,0
LF:20
LH:0
BRDA:20,0,0,0
BRDA:20,0,1,0
BRDA:21,1,0,0
BRDA:21,1,1,0
BRDA:22,2,0,0
BRDA:22,2,1,0
BRDA:59,3,0,0
BRDA:80,4,0,0
BRDA:92,5,0,0
BRF:9
BRH:0
end_of_record
TN:
SF:src/services/dashboardService.ts
FN:4,(anonymous_0)
FN:80,(anonymous_1)
FN:119,(anonymous_2)
FN:134,(anonymous_3)
FNF:4
FNH:0
FNDA:0,(anonymous_0)
FNDA:0,(anonymous_1)
FNDA:0,(anonymous_2)
FNDA:0,(anonymous_3)
DA:1,0
DA:3,0
DA:5,0
DA:6,0
DA:7,0
DA:19,0
DA:56,0
DA:81,0
DA:82,0
DA:84,0
DA:85,0
DA:86,0
DA:87,0
DA:89,0
DA:108,0
DA:116,0
DA:120,0
DA:121,0
DA:123,0
DA:133,0
DA:135,0
DA:136,0
DA:140,0
DA:147,0
LF:24
LH:0
BRDA:60,0,0,0
BRDA:60,0,1,0
BRDA:63,1,0,0
BRDA:63,1,1,0
BRDA:64,2,0,0
BRDA:64,2,1,0
BRDA:65,3,0,0
BRDA:65,3,1,0
BRDA:65,4,0,0
BRDA:65,4,1,0
BRDA:80,5,0,0
BRDA:110,6,0,0
BRDA:110,6,1,0
BRDA:111,7,0,0
BRDA:111,7,1,0
BRDA:112,8,0,0
BRDA:112,8,1,0
BRDA:112,9,0,0
BRDA:112,9,1,0
BRDA:135,10,0,0
BRDA:142,11,0,0
BRDA:142,11,1,0
BRF:22
BRH:0
end_of_record
TN:
SF:src/services/goalService.ts
FN:17,(anonymous_0)
FN:38,(anonymous_1)
FN:50,(anonymous_2)
FN:70,(anonymous_3)
FN:95,(anonymous_4)
FN:109,(anonymous_5)
FNF:6
FNH:0
FNDA:0,(anonymous_0)
FNDA:0,(anonymous_1)
FNDA:0,(anonymous_2)
FNDA:0,(anonymous_3)
FNDA:0,(anonymous_4)
FNDA:0,(anonymous_5)
DA:1,0
DA:2,0
DA:16,0
DA:18,0
DA:35,0
DA:39,0
DA:47,0
DA:51,0
DA:63,0
DA:64,0
DA:67,0
DA:71,0
DA:88,0
DA:89,0
DA:92,0
DA:96,0
DA:106,0
DA:110,0
DA:112,0
DA:120,0
DA:127,0
LF:21
LH:0
BRDA:27,0,0,0
BRDA:27,0,1,0
BRDA:28,1,0,0
BRDA:28,1,1,0
BRDA:29,2,0,0
BRDA:29,2,1,0
BRDA:63,3,0,0
BRDA:88,4,0,0
BRF:8
BRH:0
end_of_record
TN:
SF:src/services/transactionService.ts
FN:16,(anonymous_0)
FN:54,(anonymous_1)
FN:94,(anonymous_2)
FN:113,(anonymous_3)
FN:155,(anonymous_4)
FN:172,(anonymous_5)
FNF:6
FNH:0
FNDA:0,(anonymous_0)
FNDA:0,(anonymous_1)
FNDA:0,(anonymous_2)
FNDA:0,(anonymous_3)
FNDA:0,(anonymous_4)
FNDA:0,(anonymous_5)
DA:1,0
DA:2,0
DA:15,0
DA:17,0
DA:21,0
DA:22,0
DA:26,0
DA:27,0
DA:32,0
DA:51,0
DA:63,0
DA:64,0
DA:65,0
DA:67,0
DA:68,0
DA:69,0
DA:70,0
DA:71,0
DA:72,0
DA:73,0
DA:74,0
DA:77,0
DA:91,0
DA:95,0
DA:106,0
DA:107,0
DA:110,0
DA:114,0
DA:117,0
DA:118,0
DA:124,0
DA:125,0
DA:126,0
DA:127,0
DA:129,0
DA:134,0
DA:152,0
DA:156,0
DA:159,0
DA:160,0
DA:165,0
DA:169,0
DA:173,0
DA:174,0
DA:175,0
DA:176,0
DA:177,0
DA:180,0
DA:191,0
DA:192,0
DA:194,0
LF:51
LH:0
BRDA:21,0,0,0
BRDA:26,1,0,0
BRDA:26,1,1,0
BRDA:42,2,0,0
BRDA:42,2,1,0
BRDA:63,3,0,0
BRDA:63,3,1,0
BRDA:64,4,0,0
BRDA:64,4,1,0
BRDA:68,5,0,0
BRDA:69,6,0,0
BRDA:70,7,0,0
BRDA:71,8,0,0
BRDA:71,9,0,0
BRDA:71,9,1,0
BRDA:73,10,0,0
BRDA:74,11,0,0
BRDA:106,12,0,0
BRDA:117,13,0,0
BRDA:117,13,1,0
BRDA:124,14,0,0
BRDA:124,14,1,0
BRDA:125,15,0,0
BRDA:125,15,1,0
BRDA:126,16,0,0
BRDA:126,16,1,0
BRDA:127,17,0,0
BRDA:127,17,1,0
BRDA:144,18,0,0
BRDA:144,18,1,0
BRDA:159,19,0,0
BRDA:159,19,1,0
BRDA:174,20,0,0
BRDA:174,21,0,0
BRDA:174,21,1,0
BRDA:176,22,0,0
BRDA:177,23,0,0
BRDA:191,24,0,0
BRDA:191,24,1,0
BRDA:192,25,0,0
BRDA:192,25,1,0
BRF:41
BRH:0
end_of_record
TN:
SF:src/services/userService.ts
FN:5,(anonymous_0)
FN:27,(anonymous_1)
FN:63,(anonymous_2)
FN:79,(anonymous_3)
FNF:4
FNH:0
FNDA:0,(anonymous_0)
FNDA:0,(anonymous_1)
FNDA:0,(anonymous_2)
FNDA:0,(anonymous_3)
DA:1,0
DA:2,0
DA:4,0
DA:6,0
DA:20,0
DA:21,0
DA:24,0
DA:28,0
DA:29,0
DA:30,0
DA:32,0
DA:42,0
DA:60,0
DA:64,0
DA:76,0
DA:80,0
DA:85,0
LF:17
LH:0
BRDA:20,0,0,0
BRDA:28,1,0,0
BRDA:28,1,1,0
BRDA:29,2,0,0
BRDA:29,2,1,0
BRDA:32,3,0,0
BRDA:32,3,1,0
BRF:7
BRH:0
end_of_record
TN:
SF:src/services/workspaceService.ts
FN:13,(anonymous_0)
FN:63,(anonymous_1)
FN:97,(anonymous_2)
FN:106,(anonymous_3)
FN:112,(anonymous_4)
FN:138,(anonymous_5)
FN:158,(anonymous_6)
FN:212,(anonymous_7)
FNF:8
FNH:0
FNDA:0,(anonymous_0)
FNDA:0,(anonymous_1)
FNDA:0,(anonymous_2)
FNDA:0,(anonymous_3)
FNDA:0,(anonymous_4)
FNDA:0,(anonymous_5)
FNDA:0,(anonymous_6)
FNDA:0,(anonymous_7)
DA:1,0
DA:2,0
DA:12,0
DA:14,0
DA:16,0
DA:27,0
DA:36,0
DA:47,0
DA:48,0
DA:60,0
DA:64,0
DA:90,0
DA:91,0
DA:94,0
DA:98,0
DA:106,0
DA:113,0
DA:121,0
DA:122,0
DA:125,0
DA:135,0
DA:139,0
DA:147,0
DA:148,0
DA:151,0
DA:155,0
DA:159,0
DA:167,0
DA:168,0
DA:171,0
DA:175,0
DA:176,0
DA:179,0
DA:186,0
DA:187,0
DA:190,0
DA:209,0
DA:213,0
DA:221,0
DA:222,0
DA:225,0
DA:232,0
LF:42
LH:0
BRDA:22,0,0,0
BRDA:22,0,1,0
BRDA:23,1,0,0
BRDA:23,1,1,0
BRDA:90,2,0,0
BRDA:121,3,0,0
BRDA:147,4,0,0
BRDA:167,5,0,0
BRDA:175,6,0,0
BRDA:186,7,0,0
BRDA:194,8,0,0
BRDA:194,8,1,0
BRDA:221,9,0,0
BRF:13
BRH:0
end_of_record
TN:
SF:src/utils/password.ts
FN:4,(anonymous_1)
FN:8,(anonymous_2)
FN:15,(anonymous_3)
FNF:3
FNH:0
FNDA:0,(anonymous_1)
FNDA:0,(anonymous_2)
FNDA:0,(anonymous_3)
DA:1,0
DA:2,0
DA:4,0
DA:5,0
DA:8,0
DA:12,0
DA:15,0
DA:16,0
DA:17,0
DA:18,0
DA:19,0
DA:21,0
LF:12
LH:0
BRDA:15,0,0,0
BRF:1
BRH:0
end_of_record
TN:
SF:src/utils/response.ts
FN:1,(anonymous_0)
FN:7,(anonymous_1)
FN:13,(anonymous_2)
FNF:3
FNH:0
FNDA:0,(anonymous_0)
FNDA:0,(anonymous_1)
FNDA:0,(anonymous_2)
DA:1,0
DA:7,0
DA:13,0
DA:16,0
LF:4
LH:0
BRF:0
BRH:0
end_of_record
TN:
SF:src/utils/token.ts
FN:6,(anonymous_1)
FN:12,(anonymous_2)
FN:18,(anonymous_3)
FN:22,(anonymous_4)
FNF:4
FNH:0
FNDA:0,(anonymous_1)
FNDA:0,(anonymous_2)
FNDA:0,(anonymous_3)
FNDA:0,(anonymous_4)
DA:1,0
DA:3,0
DA:4,0
DA:6,0
DA:7,0
DA:12,0
DA:13,0
DA:18,0
DA:19,0
DA:22,0
DA:23,0
LF:11
LH:0
BRDA:3,0,0,0
BRDA:3,0,1,0
BRDA:4,1,0,0
BRDA:4,1,1,0
BRF:4
BRH:0
end_of_record
